2025-07-30 15:31:34,060 - lightflow - INFO - Checkpoint saved: C:\Users\shiva\AppData\Local\Temp\tmp9khzb8b3\test_workflow_20250730_153134_053483.json
2025-07-30 15:31:34,132 - lightflow - INFO - Loaded checkpoint for workflow: test_workflow
2025-07-30 15:31:34,183 - lightflow - INFO - No checkpoint found for workflow: nonexistent
2025-07-30 15:31:34,183 - lightflow - INFO - No checkpoint found for workflow: nonexistent
2025-07-30 15:31:34,234 - lightflow - INFO - Checkpoint saved: C:\Users\shiva\AppData\Local\Temp\tmpavp_lt87\test_workflow_20250730_153134_229700.json
2025-07-30 15:31:34,234 - lightflow - INFO - Checkpoint saved: C:\Users\shiva\AppData\Local\Temp\tmpavp_lt87\test_workflow_20250730_153134_229700.json
2025-07-30 15:31:34,234 - lightflow - INFO - Checkpoint saved: C:\Users\shiva\AppData\Local\Temp\tmpavp_lt87\test_workflow_20250730_153134_229700.json
2025-07-30 15:31:34,312 - lightflow - INFO - Loaded specific checkpoint: C:\Users\shiva\AppData\Local\Temp\tmpavp_lt87\test_workflow_20250730_153134_229700.json
2025-07-30 15:31:34,312 - lightflow - INFO - Loaded specific checkpoint: C:\Users\shiva\AppData\Local\Temp\tmpavp_lt87\test_workflow_20250730_153134_229700.json
2025-07-30 15:31:34,312 - lightflow - INFO - Loaded specific checkpoint: C:\Users\shiva\AppData\Local\Temp\tmpavp_lt87\test_workflow_20250730_153134_229700.json
2025-07-30 15:31:34,365 - lightflow - INFO - Checkpoint saved: C:\Users\shiva\AppData\Local\Temp\tmpb5z05c53\test_workflow_20250730_153134_361075.json
2025-07-30 15:31:34,365 - lightflow - INFO - Checkpoint saved: C:\Users\shiva\AppData\Local\Temp\tmpb5z05c53\test_workflow_20250730_153134_361075.json
2025-07-30 15:31:34,365 - lightflow - INFO - Checkpoint saved: C:\Users\shiva\AppData\Local\Temp\tmpb5z05c53\test_workflow_20250730_153134_361075.json
2025-07-30 15:31:34,365 - lightflow - INFO - Checkpoint saved: C:\Users\shiva\AppData\Local\Temp\tmpb5z05c53\test_workflow_20250730_153134_361075.json
2025-07-30 15:31:34,426 - lightflow - INFO - Checkpoint saved: C:\Users\shiva\AppData\Local\Temp\tmpb5z05c53\test_workflow_20250730_153134_409856.json
2025-07-30 15:31:34,426 - lightflow - INFO - Checkpoint saved: C:\Users\shiva\AppData\Local\Temp\tmpb5z05c53\test_workflow_20250730_153134_409856.json
2025-07-30 15:31:34,426 - lightflow - INFO - Checkpoint saved: C:\Users\shiva\AppData\Local\Temp\tmpb5z05c53\test_workflow_20250730_153134_409856.json
2025-07-30 15:31:34,426 - lightflow - INFO - Checkpoint saved: C:\Users\shiva\AppData\Local\Temp\tmpb5z05c53\test_workflow_20250730_153134_409856.json
2025-07-30 15:31:34,488 - lightflow - INFO - Checkpoint saved: C:\Users\shiva\AppData\Local\Temp\tmp179tmy48\test_workflow_20250730_153134_480523.json
2025-07-30 15:31:34,488 - lightflow - INFO - Checkpoint saved: C:\Users\shiva\AppData\Local\Temp\tmp179tmy48\test_workflow_20250730_153134_480523.json
2025-07-30 15:31:34,488 - lightflow - INFO - Checkpoint saved: C:\Users\shiva\AppData\Local\Temp\tmp179tmy48\test_workflow_20250730_153134_480523.json
2025-07-30 15:31:34,488 - lightflow - INFO - Checkpoint saved: C:\Users\shiva\AppData\Local\Temp\tmp179tmy48\test_workflow_20250730_153134_480523.json
2025-07-30 15:31:34,488 - lightflow - INFO - Checkpoint saved: C:\Users\shiva\AppData\Local\Temp\tmp179tmy48\test_workflow_20250730_153134_480523.json
2025-07-30 15:31:34,537 - lightflow - INFO - Deleted checkpoint: C:\Users\shiva\AppData\Local\Temp\tmp179tmy48\test_workflow_20250730_153134_480523.json
2025-07-30 15:31:34,537 - lightflow - INFO - Deleted checkpoint: C:\Users\shiva\AppData\Local\Temp\tmp179tmy48\test_workflow_20250730_153134_480523.json
2025-07-30 15:31:34,537 - lightflow - INFO - Deleted checkpoint: C:\Users\shiva\AppData\Local\Temp\tmp179tmy48\test_workflow_20250730_153134_480523.json
2025-07-30 15:31:34,537 - lightflow - INFO - Deleted checkpoint: C:\Users\shiva\AppData\Local\Temp\tmp179tmy48\test_workflow_20250730_153134_480523.json
2025-07-30 15:31:34,537 - lightflow - INFO - Deleted checkpoint: C:\Users\shiva\AppData\Local\Temp\tmp179tmy48\test_workflow_20250730_153134_480523.json
2025-07-30 15:31:34,584 - lightflow - INFO - Checkpoint saved: C:\Users\shiva\AppData\Local\Temp\tmpyc91o8pi\test_workflow_20250730_153134_580086.json
2025-07-30 15:31:34,584 - lightflow - INFO - Checkpoint saved: C:\Users\shiva\AppData\Local\Temp\tmpyc91o8pi\test_workflow_20250730_153134_580086.json
2025-07-30 15:31:34,584 - lightflow - INFO - Checkpoint saved: C:\Users\shiva\AppData\Local\Temp\tmpyc91o8pi\test_workflow_20250730_153134_580086.json
2025-07-30 15:31:34,584 - lightflow - INFO - Checkpoint saved: C:\Users\shiva\AppData\Local\Temp\tmpyc91o8pi\test_workflow_20250730_153134_580086.json
2025-07-30 15:31:34,584 - lightflow - INFO - Checkpoint saved: C:\Users\shiva\AppData\Local\Temp\tmpyc91o8pi\test_workflow_20250730_153134_580086.json
2025-07-30 15:31:34,584 - lightflow - INFO - Checkpoint saved: C:\Users\shiva\AppData\Local\Temp\tmpyc91o8pi\test_workflow_20250730_153134_580086.json
2025-07-30 15:31:34,634 - lightflow - INFO - Checkpoint saved: C:\Users\shiva\AppData\Local\Temp\tmpyc91o8pi\other_workflow_20250730_153134_620232.json
2025-07-30 15:31:34,634 - lightflow - INFO - Checkpoint saved: C:\Users\shiva\AppData\Local\Temp\tmpyc91o8pi\other_workflow_20250730_153134_620232.json
2025-07-30 15:31:34,634 - lightflow - INFO - Checkpoint saved: C:\Users\shiva\AppData\Local\Temp\tmpyc91o8pi\other_workflow_20250730_153134_620232.json
2025-07-30 15:31:34,634 - lightflow - INFO - Checkpoint saved: C:\Users\shiva\AppData\Local\Temp\tmpyc91o8pi\other_workflow_20250730_153134_620232.json
2025-07-30 15:31:34,634 - lightflow - INFO - Checkpoint saved: C:\Users\shiva\AppData\Local\Temp\tmpyc91o8pi\other_workflow_20250730_153134_620232.json
2025-07-30 15:31:34,634 - lightflow - INFO - Checkpoint saved: C:\Users\shiva\AppData\Local\Temp\tmpyc91o8pi\other_workflow_20250730_153134_620232.json
2025-07-30 15:31:34,671 - lightflow - INFO - Deleted checkpoint: C:\Users\shiva\AppData\Local\Temp\tmpyc91o8pi\test_workflow_20250730_153134_580086.json
2025-07-30 15:31:34,671 - lightflow - INFO - Deleted checkpoint: C:\Users\shiva\AppData\Local\Temp\tmpyc91o8pi\test_workflow_20250730_153134_580086.json
2025-07-30 15:31:34,671 - lightflow - INFO - Deleted checkpoint: C:\Users\shiva\AppData\Local\Temp\tmpyc91o8pi\test_workflow_20250730_153134_580086.json
2025-07-30 15:31:34,671 - lightflow - INFO - Deleted checkpoint: C:\Users\shiva\AppData\Local\Temp\tmpyc91o8pi\test_workflow_20250730_153134_580086.json
2025-07-30 15:31:34,671 - lightflow - INFO - Deleted checkpoint: C:\Users\shiva\AppData\Local\Temp\tmpyc91o8pi\test_workflow_20250730_153134_580086.json
2025-07-30 15:31:34,671 - lightflow - INFO - Deleted checkpoint: C:\Users\shiva\AppData\Local\Temp\tmpyc91o8pi\test_workflow_20250730_153134_580086.json
2025-07-30 15:31:34,705 - lightflow - INFO - Deleted checkpoint: C:\Users\shiva\AppData\Local\Temp\tmpyc91o8pi\test_workflow_latest.json
2025-07-30 15:31:34,705 - lightflow - INFO - Deleted checkpoint: C:\Users\shiva\AppData\Local\Temp\tmpyc91o8pi\test_workflow_latest.json
2025-07-30 15:31:34,705 - lightflow - INFO - Deleted checkpoint: C:\Users\shiva\AppData\Local\Temp\tmpyc91o8pi\test_workflow_latest.json
2025-07-30 15:31:34,705 - lightflow - INFO - Deleted checkpoint: C:\Users\shiva\AppData\Local\Temp\tmpyc91o8pi\test_workflow_latest.json
2025-07-30 15:31:34,705 - lightflow - INFO - Deleted checkpoint: C:\Users\shiva\AppData\Local\Temp\tmpyc91o8pi\test_workflow_latest.json
2025-07-30 15:31:34,705 - lightflow - INFO - Deleted checkpoint: C:\Users\shiva\AppData\Local\Temp\tmpyc91o8pi\test_workflow_latest.json
2025-07-30 15:31:34,737 - lightflow - INFO - Cleared 2 checkpoints
2025-07-30 15:31:34,737 - lightflow - INFO - Cleared 2 checkpoints
2025-07-30 15:31:34,737 - lightflow - INFO - Cleared 2 checkpoints
2025-07-30 15:31:34,737 - lightflow - INFO - Cleared 2 checkpoints
2025-07-30 15:31:34,737 - lightflow - INFO - Cleared 2 checkpoints
2025-07-30 15:31:34,737 - lightflow - INFO - Cleared 2 checkpoints
2025-07-30 15:31:34,770 - lightflow - INFO - Deleted checkpoint: C:\Users\shiva\AppData\Local\Temp\tmpyc91o8pi\other_workflow_20250730_153134_620232.json
2025-07-30 15:31:34,770 - lightflow - INFO - Deleted checkpoint: C:\Users\shiva\AppData\Local\Temp\tmpyc91o8pi\other_workflow_20250730_153134_620232.json
2025-07-30 15:31:34,770 - lightflow - INFO - Deleted checkpoint: C:\Users\shiva\AppData\Local\Temp\tmpyc91o8pi\other_workflow_20250730_153134_620232.json
2025-07-30 15:31:34,770 - lightflow - INFO - Deleted checkpoint: C:\Users\shiva\AppData\Local\Temp\tmpyc91o8pi\other_workflow_20250730_153134_620232.json
2025-07-30 15:31:34,770 - lightflow - INFO - Deleted checkpoint: C:\Users\shiva\AppData\Local\Temp\tmpyc91o8pi\other_workflow_20250730_153134_620232.json
2025-07-30 15:31:34,770 - lightflow - INFO - Deleted checkpoint: C:\Users\shiva\AppData\Local\Temp\tmpyc91o8pi\other_workflow_20250730_153134_620232.json
2025-07-30 15:31:34,805 - lightflow - INFO - Deleted checkpoint: C:\Users\shiva\AppData\Local\Temp\tmpyc91o8pi\other_workflow_latest.json
2025-07-30 15:31:34,805 - lightflow - INFO - Deleted checkpoint: C:\Users\shiva\AppData\Local\Temp\tmpyc91o8pi\other_workflow_latest.json
2025-07-30 15:31:34,805 - lightflow - INFO - Deleted checkpoint: C:\Users\shiva\AppData\Local\Temp\tmpyc91o8pi\other_workflow_latest.json
2025-07-30 15:31:34,805 - lightflow - INFO - Deleted checkpoint: C:\Users\shiva\AppData\Local\Temp\tmpyc91o8pi\other_workflow_latest.json
2025-07-30 15:31:34,805 - lightflow - INFO - Deleted checkpoint: C:\Users\shiva\AppData\Local\Temp\tmpyc91o8pi\other_workflow_latest.json
2025-07-30 15:31:34,805 - lightflow - INFO - Deleted checkpoint: C:\Users\shiva\AppData\Local\Temp\tmpyc91o8pi\other_workflow_latest.json
2025-07-30 15:31:34,837 - lightflow - INFO - Cleared 2 checkpoints
2025-07-30 15:31:34,837 - lightflow - INFO - Cleared 2 checkpoints
2025-07-30 15:31:34,837 - lightflow - INFO - Cleared 2 checkpoints
2025-07-30 15:31:34,837 - lightflow - INFO - Cleared 2 checkpoints
2025-07-30 15:31:34,837 - lightflow - INFO - Cleared 2 checkpoints
2025-07-30 15:31:34,837 - lightflow - INFO - Cleared 2 checkpoints
2025-07-30 15:31:34,879 - lightflow - INFO - Checkpoint saved: C:\Users\shiva\AppData\Local\Temp\tmpmf6x4w3r\test_workflow_20250730_153134_876228.json
2025-07-30 15:31:34,879 - lightflow - INFO - Checkpoint saved: C:\Users\shiva\AppData\Local\Temp\tmpmf6x4w3r\test_workflow_20250730_153134_876228.json
2025-07-30 15:31:34,879 - lightflow - INFO - Checkpoint saved: C:\Users\shiva\AppData\Local\Temp\tmpmf6x4w3r\test_workflow_20250730_153134_876228.json
2025-07-30 15:31:34,879 - lightflow - INFO - Checkpoint saved: C:\Users\shiva\AppData\Local\Temp\tmpmf6x4w3r\test_workflow_20250730_153134_876228.json
2025-07-30 15:31:34,879 - lightflow - INFO - Checkpoint saved: C:\Users\shiva\AppData\Local\Temp\tmpmf6x4w3r\test_workflow_20250730_153134_876228.json
2025-07-30 15:31:34,879 - lightflow - INFO - Checkpoint saved: C:\Users\shiva\AppData\Local\Temp\tmpmf6x4w3r\test_workflow_20250730_153134_876228.json
2025-07-30 15:31:34,879 - lightflow - INFO - Checkpoint saved: C:\Users\shiva\AppData\Local\Temp\tmpmf6x4w3r\test_workflow_20250730_153134_876228.json
2025-07-30 15:31:34,971 - lightflow - INFO - Checkpoint saved: C:\Users\shiva\AppData\Local\Temp\tmpyq9j3hpa\test_workflow_20250730_153134_965287.json
2025-07-30 15:31:34,971 - lightflow - INFO - Checkpoint saved: C:\Users\shiva\AppData\Local\Temp\tmpyq9j3hpa\test_workflow_20250730_153134_965287.json
2025-07-30 15:31:34,971 - lightflow - INFO - Checkpoint saved: C:\Users\shiva\AppData\Local\Temp\tmpyq9j3hpa\test_workflow_20250730_153134_965287.json
2025-07-30 15:31:34,971 - lightflow - INFO - Checkpoint saved: C:\Users\shiva\AppData\Local\Temp\tmpyq9j3hpa\test_workflow_20250730_153134_965287.json
2025-07-30 15:31:34,971 - lightflow - INFO - Checkpoint saved: C:\Users\shiva\AppData\Local\Temp\tmpyq9j3hpa\test_workflow_20250730_153134_965287.json
2025-07-30 15:31:34,971 - lightflow - INFO - Checkpoint saved: C:\Users\shiva\AppData\Local\Temp\tmpyq9j3hpa\test_workflow_20250730_153134_965287.json
2025-07-30 15:31:34,971 - lightflow - INFO - Checkpoint saved: C:\Users\shiva\AppData\Local\Temp\tmpyq9j3hpa\test_workflow_20250730_153134_965287.json
2025-07-30 15:31:34,971 - lightflow - INFO - Checkpoint saved: C:\Users\shiva\AppData\Local\Temp\tmpyq9j3hpa\test_workflow_20250730_153134_965287.json
2025-07-30 15:31:35,110 - lightflow - INFO - Loaded checkpoint for workflow: test_workflow
2025-07-30 15:31:35,110 - lightflow - INFO - Loaded checkpoint for workflow: test_workflow
2025-07-30 15:31:35,110 - lightflow - INFO - Loaded checkpoint for workflow: test_workflow
2025-07-30 15:31:35,110 - lightflow - INFO - Loaded checkpoint for workflow: test_workflow
2025-07-30 15:31:35,110 - lightflow - INFO - Loaded checkpoint for workflow: test_workflow
2025-07-30 15:31:35,110 - lightflow - INFO - Loaded checkpoint for workflow: test_workflow
2025-07-30 15:31:35,110 - lightflow - INFO - Loaded checkpoint for workflow: test_workflow
2025-07-30 15:31:35,110 - lightflow - INFO - Loaded checkpoint for workflow: test_workflow
2025-07-30 15:31:35,154 - lightflow - INFO - Loaded checkpoint for workflow: test_workflow
2025-07-30 15:31:35,154 - lightflow - INFO - Loaded checkpoint for workflow: test_workflow
2025-07-30 15:31:35,154 - lightflow - INFO - Loaded checkpoint for workflow: test_workflow
2025-07-30 15:31:35,154 - lightflow - INFO - Loaded checkpoint for workflow: test_workflow
2025-07-30 15:31:35,154 - lightflow - INFO - Loaded checkpoint for workflow: test_workflow
2025-07-30 15:31:35,154 - lightflow - INFO - Loaded checkpoint for workflow: test_workflow
2025-07-30 15:31:35,154 - lightflow - INFO - Loaded checkpoint for workflow: test_workflow
2025-07-30 15:31:35,154 - lightflow - INFO - Loaded checkpoint for workflow: test_workflow
2025-07-30 15:31:35,205 - lightflow - INFO - Checkpoint saved: C:\Users\shiva\AppData\Local\Temp\tmp9f8_nr0z\test_workflow_20250730_153135_198749.json
2025-07-30 15:31:35,205 - lightflow - INFO - Checkpoint saved: C:\Users\shiva\AppData\Local\Temp\tmp9f8_nr0z\test_workflow_20250730_153135_198749.json
2025-07-30 15:31:35,205 - lightflow - INFO - Checkpoint saved: C:\Users\shiva\AppData\Local\Temp\tmp9f8_nr0z\test_workflow_20250730_153135_198749.json
2025-07-30 15:31:35,205 - lightflow - INFO - Checkpoint saved: C:\Users\shiva\AppData\Local\Temp\tmp9f8_nr0z\test_workflow_20250730_153135_198749.json
2025-07-30 15:31:35,205 - lightflow - INFO - Checkpoint saved: C:\Users\shiva\AppData\Local\Temp\tmp9f8_nr0z\test_workflow_20250730_153135_198749.json
2025-07-30 15:31:35,205 - lightflow - INFO - Checkpoint saved: C:\Users\shiva\AppData\Local\Temp\tmp9f8_nr0z\test_workflow_20250730_153135_198749.json
2025-07-30 15:31:35,205 - lightflow - INFO - Checkpoint saved: C:\Users\shiva\AppData\Local\Temp\tmp9f8_nr0z\test_workflow_20250730_153135_198749.json
2025-07-30 15:31:35,205 - lightflow - INFO - Checkpoint saved: C:\Users\shiva\AppData\Local\Temp\tmp9f8_nr0z\test_workflow_20250730_153135_198749.json
2025-07-30 15:31:35,355 - lightflow - INFO - Loaded checkpoint for workflow: test_workflow
2025-07-30 15:31:35,355 - lightflow - INFO - Loaded checkpoint for workflow: test_workflow
2025-07-30 15:31:35,355 - lightflow - INFO - Loaded checkpoint for workflow: test_workflow
2025-07-30 15:31:35,355 - lightflow - INFO - Loaded checkpoint for workflow: test_workflow
2025-07-30 15:31:35,355 - lightflow - INFO - Loaded checkpoint for workflow: test_workflow
2025-07-30 15:31:35,355 - lightflow - INFO - Loaded checkpoint for workflow: test_workflow
2025-07-30 15:31:35,355 - lightflow - INFO - Loaded checkpoint for workflow: test_workflow
2025-07-30 15:31:35,355 - lightflow - INFO - Loaded checkpoint for workflow: test_workflow
2025-07-30 15:31:35,444 - lightflow - INFO - Checkpoint saved: C:\Users\shiva\AppData\Local\Temp\tmp5_jj2_b9\test_workflow_20250730_153135_437278.json
2025-07-30 15:31:35,444 - lightflow - INFO - Checkpoint saved: C:\Users\shiva\AppData\Local\Temp\tmp5_jj2_b9\test_workflow_20250730_153135_437278.json
2025-07-30 15:31:35,444 - lightflow - INFO - Checkpoint saved: C:\Users\shiva\AppData\Local\Temp\tmp5_jj2_b9\test_workflow_20250730_153135_437278.json
2025-07-30 15:31:35,444 - lightflow - INFO - Checkpoint saved: C:\Users\shiva\AppData\Local\Temp\tmp5_jj2_b9\test_workflow_20250730_153135_437278.json
2025-07-30 15:31:35,444 - lightflow - INFO - Checkpoint saved: C:\Users\shiva\AppData\Local\Temp\tmp5_jj2_b9\test_workflow_20250730_153135_437278.json
2025-07-30 15:31:35,444 - lightflow - INFO - Checkpoint saved: C:\Users\shiva\AppData\Local\Temp\tmp5_jj2_b9\test_workflow_20250730_153135_437278.json
2025-07-30 15:31:35,444 - lightflow - INFO - Checkpoint saved: C:\Users\shiva\AppData\Local\Temp\tmp5_jj2_b9\test_workflow_20250730_153135_437278.json
2025-07-30 15:31:35,444 - lightflow - INFO - Checkpoint saved: C:\Users\shiva\AppData\Local\Temp\tmp5_jj2_b9\test_workflow_20250730_153135_437278.json
2025-07-30 15:31:35,576 - lightflow - INFO - Loaded checkpoint for workflow: test_workflow
2025-07-30 15:31:35,576 - lightflow - INFO - Loaded checkpoint for workflow: test_workflow
2025-07-30 15:31:35,576 - lightflow - INFO - Loaded checkpoint for workflow: test_workflow
2025-07-30 15:31:35,576 - lightflow - INFO - Loaded checkpoint for workflow: test_workflow
2025-07-30 15:31:35,576 - lightflow - INFO - Loaded checkpoint for workflow: test_workflow
2025-07-30 15:31:35,576 - lightflow - INFO - Loaded checkpoint for workflow: test_workflow
2025-07-30 15:31:35,576 - lightflow - INFO - Loaded checkpoint for workflow: test_workflow
2025-07-30 15:31:35,576 - lightflow - INFO - Loaded checkpoint for workflow: test_workflow
2025-07-30 15:31:35,668 - lightflow - INFO - Loaded checkpoint for workflow: test_workflow
2025-07-30 15:31:35,668 - lightflow - INFO - Loaded checkpoint for workflow: test_workflow
2025-07-30 15:31:35,668 - lightflow - INFO - Loaded checkpoint for workflow: test_workflow
2025-07-30 15:31:35,668 - lightflow - INFO - Loaded checkpoint for workflow: test_workflow
2025-07-30 15:31:35,668 - lightflow - INFO - Loaded checkpoint for workflow: test_workflow
2025-07-30 15:31:35,668 - lightflow - INFO - Loaded checkpoint for workflow: test_workflow
2025-07-30 15:31:35,668 - lightflow - INFO - Loaded checkpoint for workflow: test_workflow
2025-07-30 15:31:35,668 - lightflow - INFO - Loaded checkpoint for workflow: test_workflow
2025-07-30 15:31:35,710 - lightflow - INFO - Checkpoint saved: C:\Users\shiva\AppData\Local\Temp\tmpxls2r8cw\test_workflow_20250730_153135_706890.json
2025-07-30 15:31:35,710 - lightflow - INFO - Checkpoint saved: C:\Users\shiva\AppData\Local\Temp\tmpxls2r8cw\test_workflow_20250730_153135_706890.json
2025-07-30 15:31:35,710 - lightflow - INFO - Checkpoint saved: C:\Users\shiva\AppData\Local\Temp\tmpxls2r8cw\test_workflow_20250730_153135_706890.json
2025-07-30 15:31:35,710 - lightflow - INFO - Checkpoint saved: C:\Users\shiva\AppData\Local\Temp\tmpxls2r8cw\test_workflow_20250730_153135_706890.json
2025-07-30 15:31:35,710 - lightflow - INFO - Checkpoint saved: C:\Users\shiva\AppData\Local\Temp\tmpxls2r8cw\test_workflow_20250730_153135_706890.json
2025-07-30 15:31:35,710 - lightflow - INFO - Checkpoint saved: C:\Users\shiva\AppData\Local\Temp\tmpxls2r8cw\test_workflow_20250730_153135_706890.json
2025-07-30 15:31:35,710 - lightflow - INFO - Checkpoint saved: C:\Users\shiva\AppData\Local\Temp\tmpxls2r8cw\test_workflow_20250730_153135_706890.json
2025-07-30 15:31:35,710 - lightflow - INFO - Checkpoint saved: C:\Users\shiva\AppData\Local\Temp\tmpxls2r8cw\test_workflow_20250730_153135_706890.json
2025-07-30 15:31:35,772 - lightflow - INFO - Checkpoint saved: C:\Users\shiva\AppData\Local\Temp\tmpxls2r8cw\test_workflow_20250730_153135_766172.json
2025-07-30 15:31:35,772 - lightflow - INFO - Checkpoint saved: C:\Users\shiva\AppData\Local\Temp\tmpxls2r8cw\test_workflow_20250730_153135_766172.json
2025-07-30 15:31:35,772 - lightflow - INFO - Checkpoint saved: C:\Users\shiva\AppData\Local\Temp\tmpxls2r8cw\test_workflow_20250730_153135_766172.json
2025-07-30 15:31:35,772 - lightflow - INFO - Checkpoint saved: C:\Users\shiva\AppData\Local\Temp\tmpxls2r8cw\test_workflow_20250730_153135_766172.json
2025-07-30 15:31:35,772 - lightflow - INFO - Checkpoint saved: C:\Users\shiva\AppData\Local\Temp\tmpxls2r8cw\test_workflow_20250730_153135_766172.json
2025-07-30 15:31:35,772 - lightflow - INFO - Checkpoint saved: C:\Users\shiva\AppData\Local\Temp\tmpxls2r8cw\test_workflow_20250730_153135_766172.json
2025-07-30 15:31:35,772 - lightflow - INFO - Checkpoint saved: C:\Users\shiva\AppData\Local\Temp\tmpxls2r8cw\test_workflow_20250730_153135_766172.json
2025-07-30 15:31:35,772 - lightflow - INFO - Checkpoint saved: C:\Users\shiva\AppData\Local\Temp\tmpxls2r8cw\test_workflow_20250730_153135_766172.json
2025-07-30 15:31:35,920 - lightflow - INFO - Loaded specific checkpoint: C:\Users\shiva\AppData\Local\Temp\tmpxls2r8cw\test_workflow_20250730_153135_706890.json
2025-07-30 15:31:35,920 - lightflow - INFO - Loaded specific checkpoint: C:\Users\shiva\AppData\Local\Temp\tmpxls2r8cw\test_workflow_20250730_153135_706890.json
2025-07-30 15:31:35,920 - lightflow - INFO - Loaded specific checkpoint: C:\Users\shiva\AppData\Local\Temp\tmpxls2r8cw\test_workflow_20250730_153135_706890.json
2025-07-30 15:31:35,920 - lightflow - INFO - Loaded specific checkpoint: C:\Users\shiva\AppData\Local\Temp\tmpxls2r8cw\test_workflow_20250730_153135_706890.json
2025-07-30 15:31:35,920 - lightflow - INFO - Loaded specific checkpoint: C:\Users\shiva\AppData\Local\Temp\tmpxls2r8cw\test_workflow_20250730_153135_706890.json
2025-07-30 15:31:35,920 - lightflow - INFO - Loaded specific checkpoint: C:\Users\shiva\AppData\Local\Temp\tmpxls2r8cw\test_workflow_20250730_153135_706890.json
2025-07-30 15:31:35,920 - lightflow - INFO - Loaded specific checkpoint: C:\Users\shiva\AppData\Local\Temp\tmpxls2r8cw\test_workflow_20250730_153135_706890.json
2025-07-30 15:31:35,920 - lightflow - INFO - Loaded specific checkpoint: C:\Users\shiva\AppData\Local\Temp\tmpxls2r8cw\test_workflow_20250730_153135_706890.json
2025-07-30 15:31:36,057 - lightflow - INFO - Loaded specific checkpoint: C:\Users\shiva\AppData\Local\Temp\tmpxls2r8cw\test_workflow_20250730_153135_766172.json
2025-07-30 15:31:36,057 - lightflow - INFO - Loaded specific checkpoint: C:\Users\shiva\AppData\Local\Temp\tmpxls2r8cw\test_workflow_20250730_153135_766172.json
2025-07-30 15:31:36,057 - lightflow - INFO - Loaded specific checkpoint: C:\Users\shiva\AppData\Local\Temp\tmpxls2r8cw\test_workflow_20250730_153135_766172.json
2025-07-30 15:31:36,057 - lightflow - INFO - Loaded specific checkpoint: C:\Users\shiva\AppData\Local\Temp\tmpxls2r8cw\test_workflow_20250730_153135_766172.json
2025-07-30 15:31:36,057 - lightflow - INFO - Loaded specific checkpoint: C:\Users\shiva\AppData\Local\Temp\tmpxls2r8cw\test_workflow_20250730_153135_766172.json
2025-07-30 15:31:36,057 - lightflow - INFO - Loaded specific checkpoint: C:\Users\shiva\AppData\Local\Temp\tmpxls2r8cw\test_workflow_20250730_153135_766172.json
2025-07-30 15:31:36,057 - lightflow - INFO - Loaded specific checkpoint: C:\Users\shiva\AppData\Local\Temp\tmpxls2r8cw\test_workflow_20250730_153135_766172.json
2025-07-30 15:31:36,057 - lightflow - INFO - Loaded specific checkpoint: C:\Users\shiva\AppData\Local\Temp\tmpxls2r8cw\test_workflow_20250730_153135_766172.json
2025-07-30 15:31:36,180 - lightflow - INFO - Checkpoint saved: C:\Users\shiva\AppData\Local\Temp\tmpxls2r8cw\test_workflow_20250730_153136_172713.json
2025-07-30 15:31:36,180 - lightflow - INFO - Checkpoint saved: C:\Users\shiva\AppData\Local\Temp\tmpxls2r8cw\test_workflow_20250730_153136_172713.json
2025-07-30 15:31:36,180 - lightflow - INFO - Checkpoint saved: C:\Users\shiva\AppData\Local\Temp\tmpxls2r8cw\test_workflow_20250730_153136_172713.json
2025-07-30 15:31:36,180 - lightflow - INFO - Checkpoint saved: C:\Users\shiva\AppData\Local\Temp\tmpxls2r8cw\test_workflow_20250730_153136_172713.json
2025-07-30 15:31:36,180 - lightflow - INFO - Checkpoint saved: C:\Users\shiva\AppData\Local\Temp\tmpxls2r8cw\test_workflow_20250730_153136_172713.json
2025-07-30 15:31:36,180 - lightflow - INFO - Checkpoint saved: C:\Users\shiva\AppData\Local\Temp\tmpxls2r8cw\test_workflow_20250730_153136_172713.json
2025-07-30 15:31:36,180 - lightflow - INFO - Checkpoint saved: C:\Users\shiva\AppData\Local\Temp\tmpxls2r8cw\test_workflow_20250730_153136_172713.json
2025-07-30 15:31:36,180 - lightflow - INFO - Checkpoint saved: C:\Users\shiva\AppData\Local\Temp\tmpxls2r8cw\test_workflow_20250730_153136_172713.json
2025-07-30 15:31:36,264 - lightflow - INFO - Loaded specific checkpoint: C:\Users\shiva\AppData\Local\Temp\tmpxls2r8cw\test_workflow_20250730_153136_172713.json
2025-07-30 15:31:36,264 - lightflow - INFO - Loaded specific checkpoint: C:\Users\shiva\AppData\Local\Temp\tmpxls2r8cw\test_workflow_20250730_153136_172713.json
2025-07-30 15:31:36,264 - lightflow - INFO - Loaded specific checkpoint: C:\Users\shiva\AppData\Local\Temp\tmpxls2r8cw\test_workflow_20250730_153136_172713.json
2025-07-30 15:31:36,264 - lightflow - INFO - Loaded specific checkpoint: C:\Users\shiva\AppData\Local\Temp\tmpxls2r8cw\test_workflow_20250730_153136_172713.json
2025-07-30 15:31:36,264 - lightflow - INFO - Loaded specific checkpoint: C:\Users\shiva\AppData\Local\Temp\tmpxls2r8cw\test_workflow_20250730_153136_172713.json
2025-07-30 15:31:36,264 - lightflow - INFO - Loaded specific checkpoint: C:\Users\shiva\AppData\Local\Temp\tmpxls2r8cw\test_workflow_20250730_153136_172713.json
2025-07-30 15:31:36,264 - lightflow - INFO - Loaded specific checkpoint: C:\Users\shiva\AppData\Local\Temp\tmpxls2r8cw\test_workflow_20250730_153136_172713.json
2025-07-30 15:31:36,264 - lightflow - INFO - Loaded specific checkpoint: C:\Users\shiva\AppData\Local\Temp\tmpxls2r8cw\test_workflow_20250730_153136_172713.json
