2025-07-30 15:30:04,304 - lightflow - INFO - No checkpoint found for workflow: parallel_workflow
2025-07-30 15:30:04,304 - lightflow - INFO - No checkpoint found for workflow: parallel_workflow
2025-07-30 15:30:04,304 - lightflow - INFO - No checkpoint found for workflow: parallel_workflow
2025-07-30 15:30:04,304 - lightflow - INFO - No checkpoint found for workflow: parallel_workflow
2025-07-30 15:30:04,327 - lightflow - INFO - Starting workflow execution with 9 tasks
2025-07-30 15:30:04,327 - lightflow - INFO - Starting workflow execution with 9 tasks
2025-07-30 15:30:04,327 - lightflow - INFO - Starting workflow execution with 9 tasks
2025-07-30 15:30:04,327 - lightflow - INFO - Starting workflow execution with 9 tasks
2025-07-30 15:30:04,352 - lightflow - INFO - Execution mode: thread
2025-07-30 15:30:04,352 - lightflow - INFO - Execution mode: thread
2025-07-30 15:30:04,352 - lightflow - INFO - Execution mode: thread
2025-07-30 15:30:04,352 - lightflow - INFO - Execution mode: thread
2025-07-30 15:30:04,363 - lightflow - INFO - Max parallel tasks: 4
2025-07-30 15:30:04,363 - lightflow - INFO - Max parallel tasks: 4
2025-07-30 15:30:04,363 - lightflow - INFO - Max parallel tasks: 4
2025-07-30 15:30:04,363 - lightflow - INFO - Max parallel tasks: 4
2025-07-30 15:30:04,380 - lightflow - INFO - Executing batch: ['setup']
2025-07-30 15:30:04,380 - lightflow - INFO - Executing batch: ['setup']
2025-07-30 15:30:04,380 - lightflow - INFO - Executing batch: ['setup']
2025-07-30 15:30:04,380 - lightflow - INFO - Executing batch: ['setup']
2025-07-30 15:30:04,695 - lightflow - INFO - Task setup completed successfully
2025-07-30 15:30:04,695 - lightflow - INFO - Task setup completed successfully
2025-07-30 15:30:04,695 - lightflow - INFO - Task setup completed successfully
2025-07-30 15:30:04,695 - lightflow - INFO - Task setup completed successfully
2025-07-30 15:30:04,709 - lightflow - INFO - Executing batch: ['process_data_a', 'process_data_b', 'process_data_c']
2025-07-30 15:30:04,709 - lightflow - INFO - Executing batch: ['process_data_a', 'process_data_b', 'process_data_c']
2025-07-30 15:30:04,709 - lightflow - INFO - Executing batch: ['process_data_a', 'process_data_b', 'process_data_c']
2025-07-30 15:30:04,709 - lightflow - INFO - Executing batch: ['process_data_a', 'process_data_b', 'process_data_c']
2025-07-30 15:30:04,950 - lightflow - INFO - Task process_data_b completed successfully
2025-07-30 15:30:04,950 - lightflow - INFO - Task process_data_b completed successfully
2025-07-30 15:30:04,950 - lightflow - INFO - Task process_data_b completed successfully
2025-07-30 15:30:04,950 - lightflow - INFO - Task process_data_b completed successfully
2025-07-30 15:30:05,017 - lightflow - INFO - Task process_data_c completed successfully
2025-07-30 15:30:05,017 - lightflow - INFO - Task process_data_c completed successfully
2025-07-30 15:30:05,017 - lightflow - INFO - Task process_data_c completed successfully
2025-07-30 15:30:05,017 - lightflow - INFO - Task process_data_c completed successfully
2025-07-30 15:30:05,045 - lightflow - INFO - Task process_data_a completed successfully
2025-07-30 15:30:05,045 - lightflow - INFO - Task process_data_a completed successfully
2025-07-30 15:30:05,045 - lightflow - INFO - Task process_data_a completed successfully
2025-07-30 15:30:05,045 - lightflow - INFO - Task process_data_a completed successfully
2025-07-30 15:30:05,070 - lightflow - INFO - Executing batch: ['train_model_x', 'train_model_y', 'train_model_z']
2025-07-30 15:30:05,070 - lightflow - INFO - Executing batch: ['train_model_x', 'train_model_y', 'train_model_z']
2025-07-30 15:30:05,070 - lightflow - INFO - Executing batch: ['train_model_x', 'train_model_y', 'train_model_z']
2025-07-30 15:30:05,070 - lightflow - INFO - Executing batch: ['train_model_x', 'train_model_y', 'train_model_z']
2025-07-30 15:30:05,289 - lightflow - INFO - Task train_model_y completed successfully
2025-07-30 15:30:05,289 - lightflow - INFO - Task train_model_y completed successfully
2025-07-30 15:30:05,289 - lightflow - INFO - Task train_model_y completed successfully
2025-07-30 15:30:05,289 - lightflow - INFO - Task train_model_y completed successfully
2025-07-30 15:30:05,337 - lightflow - INFO - Task train_model_x completed successfully
2025-07-30 15:30:05,337 - lightflow - INFO - Task train_model_x completed successfully
2025-07-30 15:30:05,337 - lightflow - INFO - Task train_model_x completed successfully
2025-07-30 15:30:05,337 - lightflow - INFO - Task train_model_x completed successfully
2025-07-30 15:30:05,379 - lightflow - INFO - Task train_model_z completed successfully
2025-07-30 15:30:05,379 - lightflow - INFO - Task train_model_z completed successfully
2025-07-30 15:30:05,379 - lightflow - INFO - Task train_model_z completed successfully
2025-07-30 15:30:05,379 - lightflow - INFO - Task train_model_z completed successfully
2025-07-30 15:30:05,406 - lightflow - INFO - Executing batch: ['aggregate_results']
2025-07-30 15:30:05,406 - lightflow - INFO - Executing batch: ['aggregate_results']
2025-07-30 15:30:05,406 - lightflow - INFO - Executing batch: ['aggregate_results']
2025-07-30 15:30:05,406 - lightflow - INFO - Executing batch: ['aggregate_results']
2025-07-30 15:30:05,570 - lightflow - INFO - Task aggregate_results completed successfully
2025-07-30 15:30:05,570 - lightflow - INFO - Task aggregate_results completed successfully
2025-07-30 15:30:05,570 - lightflow - INFO - Task aggregate_results completed successfully
2025-07-30 15:30:05,570 - lightflow - INFO - Task aggregate_results completed successfully
2025-07-30 15:30:05,617 - lightflow - INFO - Executing batch: ['generate_report']
2025-07-30 15:30:05,617 - lightflow - INFO - Executing batch: ['generate_report']
2025-07-30 15:30:05,617 - lightflow - INFO - Executing batch: ['generate_report']
2025-07-30 15:30:05,617 - lightflow - INFO - Executing batch: ['generate_report']
2025-07-30 15:30:05,809 - lightflow - INFO - Task generate_report completed successfully
2025-07-30 15:30:05,809 - lightflow - INFO - Task generate_report completed successfully
2025-07-30 15:30:05,809 - lightflow - INFO - Task generate_report completed successfully
2025-07-30 15:30:05,809 - lightflow - INFO - Task generate_report completed successfully
2025-07-30 15:30:05,846 - lightflow - INFO - Checkpoint saved: .lightflow-checkpoints\parallel_workflow_20250730_153005_842841.json
2025-07-30 15:30:05,846 - lightflow - INFO - Checkpoint saved: .lightflow-checkpoints\parallel_workflow_20250730_153005_842841.json
2025-07-30 15:30:05,846 - lightflow - INFO - Checkpoint saved: .lightflow-checkpoints\parallel_workflow_20250730_153005_842841.json
2025-07-30 15:30:05,846 - lightflow - INFO - Checkpoint saved: .lightflow-checkpoints\parallel_workflow_20250730_153005_842841.json
