2025-07-30 15:26:54,295 - lightflow - INFO - Checkpoint saved: C:\Users\shiva\AppData\Local\Temp\tmpea077rci\test_workflow_20250730_152654_290230.json
2025-07-30 15:26:54,362 - lightflow - INFO - Loaded checkpoint for workflow: test_workflow
2025-07-30 15:26:54,421 - lightflow - INFO - No checkpoint found for workflow: nonexistent
2025-07-30 15:26:54,421 - lightflow - INFO - No checkpoint found for workflow: nonexistent
2025-07-30 15:26:54,462 - lightflow - INFO - Checkpoint saved: C:\Users\shiva\AppData\Local\Temp\tmpj2x14z8j\test_workflow_20250730_152654_456271.json
2025-07-30 15:26:54,462 - lightflow - INFO - Checkpoint saved: C:\Users\shiva\AppData\Local\Temp\tmpj2x14z8j\test_workflow_20250730_152654_456271.json
2025-07-30 15:26:54,462 - lightflow - INFO - Checkpoint saved: C:\Users\shiva\AppData\Local\Temp\tmpj2x14z8j\test_workflow_20250730_152654_456271.json
2025-07-30 15:26:54,531 - lightflow - INFO - Loaded specific checkpoint: C:\Users\shiva\AppData\Local\Temp\tmpj2x14z8j\test_workflow_20250730_152654_456271.json
2025-07-30 15:26:54,531 - lightflow - INFO - Loaded specific checkpoint: C:\Users\shiva\AppData\Local\Temp\tmpj2x14z8j\test_workflow_20250730_152654_456271.json
2025-07-30 15:26:54,531 - lightflow - INFO - Loaded specific checkpoint: C:\Users\shiva\AppData\Local\Temp\tmpj2x14z8j\test_workflow_20250730_152654_456271.json
2025-07-30 15:26:54,581 - lightflow - INFO - Checkpoint saved: C:\Users\shiva\AppData\Local\Temp\tmpi7wuc7zk\test_workflow_20250730_152654_575797.json
2025-07-30 15:26:54,581 - lightflow - INFO - Checkpoint saved: C:\Users\shiva\AppData\Local\Temp\tmpi7wuc7zk\test_workflow_20250730_152654_575797.json
2025-07-30 15:26:54,581 - lightflow - INFO - Checkpoint saved: C:\Users\shiva\AppData\Local\Temp\tmpi7wuc7zk\test_workflow_20250730_152654_575797.json
2025-07-30 15:26:54,581 - lightflow - INFO - Checkpoint saved: C:\Users\shiva\AppData\Local\Temp\tmpi7wuc7zk\test_workflow_20250730_152654_575797.json
2025-07-30 15:26:54,610 - lightflow - INFO - Checkpoint saved: C:\Users\shiva\AppData\Local\Temp\tmpi7wuc7zk\test_workflow_20250730_152654_603137.json
2025-07-30 15:26:54,610 - lightflow - INFO - Checkpoint saved: C:\Users\shiva\AppData\Local\Temp\tmpi7wuc7zk\test_workflow_20250730_152654_603137.json
2025-07-30 15:26:54,610 - lightflow - INFO - Checkpoint saved: C:\Users\shiva\AppData\Local\Temp\tmpi7wuc7zk\test_workflow_20250730_152654_603137.json
2025-07-30 15:26:54,610 - lightflow - INFO - Checkpoint saved: C:\Users\shiva\AppData\Local\Temp\tmpi7wuc7zk\test_workflow_20250730_152654_603137.json
2025-07-30 15:26:54,660 - lightflow - INFO - Checkpoint saved: C:\Users\shiva\AppData\Local\Temp\tmpcfka6tim\test_workflow_20250730_152654_657923.json
2025-07-30 15:26:54,660 - lightflow - INFO - Checkpoint saved: C:\Users\shiva\AppData\Local\Temp\tmpcfka6tim\test_workflow_20250730_152654_657923.json
2025-07-30 15:26:54,660 - lightflow - INFO - Checkpoint saved: C:\Users\shiva\AppData\Local\Temp\tmpcfka6tim\test_workflow_20250730_152654_657923.json
2025-07-30 15:26:54,660 - lightflow - INFO - Checkpoint saved: C:\Users\shiva\AppData\Local\Temp\tmpcfka6tim\test_workflow_20250730_152654_657923.json
2025-07-30 15:26:54,660 - lightflow - INFO - Checkpoint saved: C:\Users\shiva\AppData\Local\Temp\tmpcfka6tim\test_workflow_20250730_152654_657923.json
2025-07-30 15:26:54,679 - lightflow - INFO - Deleted checkpoint: C:\Users\shiva\AppData\Local\Temp\tmpcfka6tim\test_workflow_20250730_152654_657923.json
2025-07-30 15:26:54,679 - lightflow - INFO - Deleted checkpoint: C:\Users\shiva\AppData\Local\Temp\tmpcfka6tim\test_workflow_20250730_152654_657923.json
2025-07-30 15:26:54,679 - lightflow - INFO - Deleted checkpoint: C:\Users\shiva\AppData\Local\Temp\tmpcfka6tim\test_workflow_20250730_152654_657923.json
2025-07-30 15:26:54,679 - lightflow - INFO - Deleted checkpoint: C:\Users\shiva\AppData\Local\Temp\tmpcfka6tim\test_workflow_20250730_152654_657923.json
2025-07-30 15:26:54,679 - lightflow - INFO - Deleted checkpoint: C:\Users\shiva\AppData\Local\Temp\tmpcfka6tim\test_workflow_20250730_152654_657923.json
2025-07-30 15:26:54,724 - lightflow - INFO - Checkpoint saved: C:\Users\shiva\AppData\Local\Temp\tmptgpwd2h0\test_workflow_20250730_152654_721052.json
2025-07-30 15:26:54,724 - lightflow - INFO - Checkpoint saved: C:\Users\shiva\AppData\Local\Temp\tmptgpwd2h0\test_workflow_20250730_152654_721052.json
2025-07-30 15:26:54,724 - lightflow - INFO - Checkpoint saved: C:\Users\shiva\AppData\Local\Temp\tmptgpwd2h0\test_workflow_20250730_152654_721052.json
2025-07-30 15:26:54,724 - lightflow - INFO - Checkpoint saved: C:\Users\shiva\AppData\Local\Temp\tmptgpwd2h0\test_workflow_20250730_152654_721052.json
2025-07-30 15:26:54,724 - lightflow - INFO - Checkpoint saved: C:\Users\shiva\AppData\Local\Temp\tmptgpwd2h0\test_workflow_20250730_152654_721052.json
2025-07-30 15:26:54,724 - lightflow - INFO - Checkpoint saved: C:\Users\shiva\AppData\Local\Temp\tmptgpwd2h0\test_workflow_20250730_152654_721052.json
2025-07-30 15:26:54,750 - lightflow - INFO - Checkpoint saved: C:\Users\shiva\AppData\Local\Temp\tmptgpwd2h0\other_workflow_20250730_152654_747429.json
2025-07-30 15:26:54,750 - lightflow - INFO - Checkpoint saved: C:\Users\shiva\AppData\Local\Temp\tmptgpwd2h0\other_workflow_20250730_152654_747429.json
2025-07-30 15:26:54,750 - lightflow - INFO - Checkpoint saved: C:\Users\shiva\AppData\Local\Temp\tmptgpwd2h0\other_workflow_20250730_152654_747429.json
2025-07-30 15:26:54,750 - lightflow - INFO - Checkpoint saved: C:\Users\shiva\AppData\Local\Temp\tmptgpwd2h0\other_workflow_20250730_152654_747429.json
2025-07-30 15:26:54,750 - lightflow - INFO - Checkpoint saved: C:\Users\shiva\AppData\Local\Temp\tmptgpwd2h0\other_workflow_20250730_152654_747429.json
2025-07-30 15:26:54,750 - lightflow - INFO - Checkpoint saved: C:\Users\shiva\AppData\Local\Temp\tmptgpwd2h0\other_workflow_20250730_152654_747429.json
2025-07-30 15:26:54,768 - lightflow - INFO - Deleted checkpoint: C:\Users\shiva\AppData\Local\Temp\tmptgpwd2h0\test_workflow_20250730_152654_721052.json
2025-07-30 15:26:54,768 - lightflow - INFO - Deleted checkpoint: C:\Users\shiva\AppData\Local\Temp\tmptgpwd2h0\test_workflow_20250730_152654_721052.json
2025-07-30 15:26:54,768 - lightflow - INFO - Deleted checkpoint: C:\Users\shiva\AppData\Local\Temp\tmptgpwd2h0\test_workflow_20250730_152654_721052.json
2025-07-30 15:26:54,768 - lightflow - INFO - Deleted checkpoint: C:\Users\shiva\AppData\Local\Temp\tmptgpwd2h0\test_workflow_20250730_152654_721052.json
2025-07-30 15:26:54,768 - lightflow - INFO - Deleted checkpoint: C:\Users\shiva\AppData\Local\Temp\tmptgpwd2h0\test_workflow_20250730_152654_721052.json
2025-07-30 15:26:54,768 - lightflow - INFO - Deleted checkpoint: C:\Users\shiva\AppData\Local\Temp\tmptgpwd2h0\test_workflow_20250730_152654_721052.json
2025-07-30 15:26:54,788 - lightflow - INFO - Deleted checkpoint: C:\Users\shiva\AppData\Local\Temp\tmptgpwd2h0\test_workflow_latest.json
2025-07-30 15:26:54,788 - lightflow - INFO - Deleted checkpoint: C:\Users\shiva\AppData\Local\Temp\tmptgpwd2h0\test_workflow_latest.json
2025-07-30 15:26:54,788 - lightflow - INFO - Deleted checkpoint: C:\Users\shiva\AppData\Local\Temp\tmptgpwd2h0\test_workflow_latest.json
2025-07-30 15:26:54,788 - lightflow - INFO - Deleted checkpoint: C:\Users\shiva\AppData\Local\Temp\tmptgpwd2h0\test_workflow_latest.json
2025-07-30 15:26:54,788 - lightflow - INFO - Deleted checkpoint: C:\Users\shiva\AppData\Local\Temp\tmptgpwd2h0\test_workflow_latest.json
2025-07-30 15:26:54,788 - lightflow - INFO - Deleted checkpoint: C:\Users\shiva\AppData\Local\Temp\tmptgpwd2h0\test_workflow_latest.json
2025-07-30 15:26:54,810 - lightflow - INFO - Cleared 2 checkpoints
2025-07-30 15:26:54,810 - lightflow - INFO - Cleared 2 checkpoints
2025-07-30 15:26:54,810 - lightflow - INFO - Cleared 2 checkpoints
2025-07-30 15:26:54,810 - lightflow - INFO - Cleared 2 checkpoints
2025-07-30 15:26:54,810 - lightflow - INFO - Cleared 2 checkpoints
2025-07-30 15:26:54,810 - lightflow - INFO - Cleared 2 checkpoints
2025-07-30 15:26:54,824 - lightflow - INFO - Deleted checkpoint: C:\Users\shiva\AppData\Local\Temp\tmptgpwd2h0\other_workflow_20250730_152654_747429.json
2025-07-30 15:26:54,824 - lightflow - INFO - Deleted checkpoint: C:\Users\shiva\AppData\Local\Temp\tmptgpwd2h0\other_workflow_20250730_152654_747429.json
2025-07-30 15:26:54,824 - lightflow - INFO - Deleted checkpoint: C:\Users\shiva\AppData\Local\Temp\tmptgpwd2h0\other_workflow_20250730_152654_747429.json
2025-07-30 15:26:54,824 - lightflow - INFO - Deleted checkpoint: C:\Users\shiva\AppData\Local\Temp\tmptgpwd2h0\other_workflow_20250730_152654_747429.json
2025-07-30 15:26:54,824 - lightflow - INFO - Deleted checkpoint: C:\Users\shiva\AppData\Local\Temp\tmptgpwd2h0\other_workflow_20250730_152654_747429.json
2025-07-30 15:26:54,824 - lightflow - INFO - Deleted checkpoint: C:\Users\shiva\AppData\Local\Temp\tmptgpwd2h0\other_workflow_20250730_152654_747429.json
2025-07-30 15:26:54,844 - lightflow - INFO - Deleted checkpoint: C:\Users\shiva\AppData\Local\Temp\tmptgpwd2h0\other_workflow_latest.json
2025-07-30 15:26:54,844 - lightflow - INFO - Deleted checkpoint: C:\Users\shiva\AppData\Local\Temp\tmptgpwd2h0\other_workflow_latest.json
2025-07-30 15:26:54,844 - lightflow - INFO - Deleted checkpoint: C:\Users\shiva\AppData\Local\Temp\tmptgpwd2h0\other_workflow_latest.json
2025-07-30 15:26:54,844 - lightflow - INFO - Deleted checkpoint: C:\Users\shiva\AppData\Local\Temp\tmptgpwd2h0\other_workflow_latest.json
2025-07-30 15:26:54,844 - lightflow - INFO - Deleted checkpoint: C:\Users\shiva\AppData\Local\Temp\tmptgpwd2h0\other_workflow_latest.json
2025-07-30 15:26:54,844 - lightflow - INFO - Deleted checkpoint: C:\Users\shiva\AppData\Local\Temp\tmptgpwd2h0\other_workflow_latest.json
2025-07-30 15:26:54,861 - lightflow - INFO - Cleared 2 checkpoints
2025-07-30 15:26:54,861 - lightflow - INFO - Cleared 2 checkpoints
2025-07-30 15:26:54,861 - lightflow - INFO - Cleared 2 checkpoints
2025-07-30 15:26:54,861 - lightflow - INFO - Cleared 2 checkpoints
2025-07-30 15:26:54,861 - lightflow - INFO - Cleared 2 checkpoints
2025-07-30 15:26:54,861 - lightflow - INFO - Cleared 2 checkpoints
2025-07-30 15:26:54,892 - lightflow - INFO - Checkpoint saved: C:\Users\shiva\AppData\Local\Temp\tmp4i34o_wo\test_workflow_20250730_152654_889610.json
2025-07-30 15:26:54,892 - lightflow - INFO - Checkpoint saved: C:\Users\shiva\AppData\Local\Temp\tmp4i34o_wo\test_workflow_20250730_152654_889610.json
2025-07-30 15:26:54,892 - lightflow - INFO - Checkpoint saved: C:\Users\shiva\AppData\Local\Temp\tmp4i34o_wo\test_workflow_20250730_152654_889610.json
2025-07-30 15:26:54,892 - lightflow - INFO - Checkpoint saved: C:\Users\shiva\AppData\Local\Temp\tmp4i34o_wo\test_workflow_20250730_152654_889610.json
2025-07-30 15:26:54,892 - lightflow - INFO - Checkpoint saved: C:\Users\shiva\AppData\Local\Temp\tmp4i34o_wo\test_workflow_20250730_152654_889610.json
2025-07-30 15:26:54,892 - lightflow - INFO - Checkpoint saved: C:\Users\shiva\AppData\Local\Temp\tmp4i34o_wo\test_workflow_20250730_152654_889610.json
2025-07-30 15:26:54,892 - lightflow - INFO - Checkpoint saved: C:\Users\shiva\AppData\Local\Temp\tmp4i34o_wo\test_workflow_20250730_152654_889610.json
2025-07-30 15:26:54,975 - lightflow - INFO - Checkpoint saved: C:\Users\shiva\AppData\Local\Temp\tmpoykp7o19\test_workflow_20250730_152654_971710.json
2025-07-30 15:26:54,975 - lightflow - INFO - Checkpoint saved: C:\Users\shiva\AppData\Local\Temp\tmpoykp7o19\test_workflow_20250730_152654_971710.json
2025-07-30 15:26:54,975 - lightflow - INFO - Checkpoint saved: C:\Users\shiva\AppData\Local\Temp\tmpoykp7o19\test_workflow_20250730_152654_971710.json
2025-07-30 15:26:54,975 - lightflow - INFO - Checkpoint saved: C:\Users\shiva\AppData\Local\Temp\tmpoykp7o19\test_workflow_20250730_152654_971710.json
2025-07-30 15:26:54,975 - lightflow - INFO - Checkpoint saved: C:\Users\shiva\AppData\Local\Temp\tmpoykp7o19\test_workflow_20250730_152654_971710.json
2025-07-30 15:26:54,975 - lightflow - INFO - Checkpoint saved: C:\Users\shiva\AppData\Local\Temp\tmpoykp7o19\test_workflow_20250730_152654_971710.json
2025-07-30 15:26:54,975 - lightflow - INFO - Checkpoint saved: C:\Users\shiva\AppData\Local\Temp\tmpoykp7o19\test_workflow_20250730_152654_971710.json
2025-07-30 15:26:54,975 - lightflow - INFO - Checkpoint saved: C:\Users\shiva\AppData\Local\Temp\tmpoykp7o19\test_workflow_20250730_152654_971710.json
2025-07-30 15:26:55,039 - lightflow - INFO - Loaded checkpoint for workflow: test_workflow
2025-07-30 15:26:55,039 - lightflow - INFO - Loaded checkpoint for workflow: test_workflow
2025-07-30 15:26:55,039 - lightflow - INFO - Loaded checkpoint for workflow: test_workflow
2025-07-30 15:26:55,039 - lightflow - INFO - Loaded checkpoint for workflow: test_workflow
2025-07-30 15:26:55,039 - lightflow - INFO - Loaded checkpoint for workflow: test_workflow
2025-07-30 15:26:55,039 - lightflow - INFO - Loaded checkpoint for workflow: test_workflow
2025-07-30 15:26:55,039 - lightflow - INFO - Loaded checkpoint for workflow: test_workflow
2025-07-30 15:26:55,039 - lightflow - INFO - Loaded checkpoint for workflow: test_workflow
2025-07-30 15:26:55,060 - lightflow - INFO - Loaded checkpoint for workflow: test_workflow
2025-07-30 15:26:55,060 - lightflow - INFO - Loaded checkpoint for workflow: test_workflow
2025-07-30 15:26:55,060 - lightflow - INFO - Loaded checkpoint for workflow: test_workflow
2025-07-30 15:26:55,060 - lightflow - INFO - Loaded checkpoint for workflow: test_workflow
2025-07-30 15:26:55,060 - lightflow - INFO - Loaded checkpoint for workflow: test_workflow
2025-07-30 15:26:55,060 - lightflow - INFO - Loaded checkpoint for workflow: test_workflow
2025-07-30 15:26:55,060 - lightflow - INFO - Loaded checkpoint for workflow: test_workflow
2025-07-30 15:26:55,060 - lightflow - INFO - Loaded checkpoint for workflow: test_workflow
2025-07-30 15:26:55,106 - lightflow - INFO - Checkpoint saved: C:\Users\shiva\AppData\Local\Temp\tmpqekf0cts\test_workflow_20250730_152655_101279.json
2025-07-30 15:26:55,106 - lightflow - INFO - Checkpoint saved: C:\Users\shiva\AppData\Local\Temp\tmpqekf0cts\test_workflow_20250730_152655_101279.json
2025-07-30 15:26:55,106 - lightflow - INFO - Checkpoint saved: C:\Users\shiva\AppData\Local\Temp\tmpqekf0cts\test_workflow_20250730_152655_101279.json
2025-07-30 15:26:55,106 - lightflow - INFO - Checkpoint saved: C:\Users\shiva\AppData\Local\Temp\tmpqekf0cts\test_workflow_20250730_152655_101279.json
2025-07-30 15:26:55,106 - lightflow - INFO - Checkpoint saved: C:\Users\shiva\AppData\Local\Temp\tmpqekf0cts\test_workflow_20250730_152655_101279.json
2025-07-30 15:26:55,106 - lightflow - INFO - Checkpoint saved: C:\Users\shiva\AppData\Local\Temp\tmpqekf0cts\test_workflow_20250730_152655_101279.json
2025-07-30 15:26:55,106 - lightflow - INFO - Checkpoint saved: C:\Users\shiva\AppData\Local\Temp\tmpqekf0cts\test_workflow_20250730_152655_101279.json
2025-07-30 15:26:55,106 - lightflow - INFO - Checkpoint saved: C:\Users\shiva\AppData\Local\Temp\tmpqekf0cts\test_workflow_20250730_152655_101279.json
2025-07-30 15:26:55,179 - lightflow - INFO - Loaded checkpoint for workflow: test_workflow
2025-07-30 15:26:55,179 - lightflow - INFO - Loaded checkpoint for workflow: test_workflow
2025-07-30 15:26:55,179 - lightflow - INFO - Loaded checkpoint for workflow: test_workflow
2025-07-30 15:26:55,179 - lightflow - INFO - Loaded checkpoint for workflow: test_workflow
2025-07-30 15:26:55,179 - lightflow - INFO - Loaded checkpoint for workflow: test_workflow
2025-07-30 15:26:55,179 - lightflow - INFO - Loaded checkpoint for workflow: test_workflow
2025-07-30 15:26:55,179 - lightflow - INFO - Loaded checkpoint for workflow: test_workflow
2025-07-30 15:26:55,179 - lightflow - INFO - Loaded checkpoint for workflow: test_workflow
2025-07-30 15:26:55,371 - lightflow - INFO - Checkpoint saved: C:\Users\shiva\AppData\Local\Temp\tmp9g84wj4s\test_workflow_20250730_152655_367262.json
2025-07-30 15:26:55,371 - lightflow - INFO - Checkpoint saved: C:\Users\shiva\AppData\Local\Temp\tmp9g84wj4s\test_workflow_20250730_152655_367262.json
2025-07-30 15:26:55,371 - lightflow - INFO - Checkpoint saved: C:\Users\shiva\AppData\Local\Temp\tmp9g84wj4s\test_workflow_20250730_152655_367262.json
2025-07-30 15:26:55,371 - lightflow - INFO - Checkpoint saved: C:\Users\shiva\AppData\Local\Temp\tmp9g84wj4s\test_workflow_20250730_152655_367262.json
2025-07-30 15:26:55,371 - lightflow - INFO - Checkpoint saved: C:\Users\shiva\AppData\Local\Temp\tmp9g84wj4s\test_workflow_20250730_152655_367262.json
2025-07-30 15:26:55,371 - lightflow - INFO - Checkpoint saved: C:\Users\shiva\AppData\Local\Temp\tmp9g84wj4s\test_workflow_20250730_152655_367262.json
2025-07-30 15:26:55,371 - lightflow - INFO - Checkpoint saved: C:\Users\shiva\AppData\Local\Temp\tmp9g84wj4s\test_workflow_20250730_152655_367262.json
2025-07-30 15:26:55,371 - lightflow - INFO - Checkpoint saved: C:\Users\shiva\AppData\Local\Temp\tmp9g84wj4s\test_workflow_20250730_152655_367262.json
2025-07-30 15:26:55,452 - lightflow - INFO - Loaded checkpoint for workflow: test_workflow
2025-07-30 15:26:55,452 - lightflow - INFO - Loaded checkpoint for workflow: test_workflow
2025-07-30 15:26:55,452 - lightflow - INFO - Loaded checkpoint for workflow: test_workflow
2025-07-30 15:26:55,452 - lightflow - INFO - Loaded checkpoint for workflow: test_workflow
2025-07-30 15:26:55,452 - lightflow - INFO - Loaded checkpoint for workflow: test_workflow
2025-07-30 15:26:55,452 - lightflow - INFO - Loaded checkpoint for workflow: test_workflow
2025-07-30 15:26:55,452 - lightflow - INFO - Loaded checkpoint for workflow: test_workflow
2025-07-30 15:26:55,452 - lightflow - INFO - Loaded checkpoint for workflow: test_workflow
2025-07-30 15:26:55,475 - lightflow - INFO - Loaded checkpoint for workflow: test_workflow
2025-07-30 15:26:55,475 - lightflow - INFO - Loaded checkpoint for workflow: test_workflow
2025-07-30 15:26:55,475 - lightflow - INFO - Loaded checkpoint for workflow: test_workflow
2025-07-30 15:26:55,475 - lightflow - INFO - Loaded checkpoint for workflow: test_workflow
2025-07-30 15:26:55,475 - lightflow - INFO - Loaded checkpoint for workflow: test_workflow
2025-07-30 15:26:55,475 - lightflow - INFO - Loaded checkpoint for workflow: test_workflow
2025-07-30 15:26:55,475 - lightflow - INFO - Loaded checkpoint for workflow: test_workflow
2025-07-30 15:26:55,475 - lightflow - INFO - Loaded checkpoint for workflow: test_workflow
2025-07-30 15:26:55,513 - lightflow - INFO - Checkpoint saved: C:\Users\shiva\AppData\Local\Temp\tmp8t3dauby\test_workflow_20250730_152655_509525.json
2025-07-30 15:26:55,513 - lightflow - INFO - Checkpoint saved: C:\Users\shiva\AppData\Local\Temp\tmp8t3dauby\test_workflow_20250730_152655_509525.json
2025-07-30 15:26:55,513 - lightflow - INFO - Checkpoint saved: C:\Users\shiva\AppData\Local\Temp\tmp8t3dauby\test_workflow_20250730_152655_509525.json
2025-07-30 15:26:55,513 - lightflow - INFO - Checkpoint saved: C:\Users\shiva\AppData\Local\Temp\tmp8t3dauby\test_workflow_20250730_152655_509525.json
2025-07-30 15:26:55,513 - lightflow - INFO - Checkpoint saved: C:\Users\shiva\AppData\Local\Temp\tmp8t3dauby\test_workflow_20250730_152655_509525.json
2025-07-30 15:26:55,513 - lightflow - INFO - Checkpoint saved: C:\Users\shiva\AppData\Local\Temp\tmp8t3dauby\test_workflow_20250730_152655_509525.json
2025-07-30 15:26:55,513 - lightflow - INFO - Checkpoint saved: C:\Users\shiva\AppData\Local\Temp\tmp8t3dauby\test_workflow_20250730_152655_509525.json
2025-07-30 15:26:55,513 - lightflow - INFO - Checkpoint saved: C:\Users\shiva\AppData\Local\Temp\tmp8t3dauby\test_workflow_20250730_152655_509525.json
2025-07-30 15:26:55,583 - lightflow - INFO - Checkpoint saved: C:\Users\shiva\AppData\Local\Temp\tmp8t3dauby\test_workflow_20250730_152655_576415.json
2025-07-30 15:26:55,583 - lightflow - INFO - Checkpoint saved: C:\Users\shiva\AppData\Local\Temp\tmp8t3dauby\test_workflow_20250730_152655_576415.json
2025-07-30 15:26:55,583 - lightflow - INFO - Checkpoint saved: C:\Users\shiva\AppData\Local\Temp\tmp8t3dauby\test_workflow_20250730_152655_576415.json
2025-07-30 15:26:55,583 - lightflow - INFO - Checkpoint saved: C:\Users\shiva\AppData\Local\Temp\tmp8t3dauby\test_workflow_20250730_152655_576415.json
2025-07-30 15:26:55,583 - lightflow - INFO - Checkpoint saved: C:\Users\shiva\AppData\Local\Temp\tmp8t3dauby\test_workflow_20250730_152655_576415.json
2025-07-30 15:26:55,583 - lightflow - INFO - Checkpoint saved: C:\Users\shiva\AppData\Local\Temp\tmp8t3dauby\test_workflow_20250730_152655_576415.json
2025-07-30 15:26:55,583 - lightflow - INFO - Checkpoint saved: C:\Users\shiva\AppData\Local\Temp\tmp8t3dauby\test_workflow_20250730_152655_576415.json
2025-07-30 15:26:55,583 - lightflow - INFO - Checkpoint saved: C:\Users\shiva\AppData\Local\Temp\tmp8t3dauby\test_workflow_20250730_152655_576415.json
2025-07-30 15:26:55,682 - lightflow - INFO - Loaded specific checkpoint: C:\Users\shiva\AppData\Local\Temp\tmp8t3dauby\test_workflow_20250730_152655_509525.json
2025-07-30 15:26:55,682 - lightflow - INFO - Loaded specific checkpoint: C:\Users\shiva\AppData\Local\Temp\tmp8t3dauby\test_workflow_20250730_152655_509525.json
2025-07-30 15:26:55,682 - lightflow - INFO - Loaded specific checkpoint: C:\Users\shiva\AppData\Local\Temp\tmp8t3dauby\test_workflow_20250730_152655_509525.json
2025-07-30 15:26:55,682 - lightflow - INFO - Loaded specific checkpoint: C:\Users\shiva\AppData\Local\Temp\tmp8t3dauby\test_workflow_20250730_152655_509525.json
2025-07-30 15:26:55,682 - lightflow - INFO - Loaded specific checkpoint: C:\Users\shiva\AppData\Local\Temp\tmp8t3dauby\test_workflow_20250730_152655_509525.json
2025-07-30 15:26:55,682 - lightflow - INFO - Loaded specific checkpoint: C:\Users\shiva\AppData\Local\Temp\tmp8t3dauby\test_workflow_20250730_152655_509525.json
2025-07-30 15:26:55,682 - lightflow - INFO - Loaded specific checkpoint: C:\Users\shiva\AppData\Local\Temp\tmp8t3dauby\test_workflow_20250730_152655_509525.json
2025-07-30 15:26:55,682 - lightflow - INFO - Loaded specific checkpoint: C:\Users\shiva\AppData\Local\Temp\tmp8t3dauby\test_workflow_20250730_152655_509525.json
2025-07-30 15:26:55,760 - lightflow - INFO - Loaded specific checkpoint: C:\Users\shiva\AppData\Local\Temp\tmp8t3dauby\test_workflow_20250730_152655_576415.json
2025-07-30 15:26:55,760 - lightflow - INFO - Loaded specific checkpoint: C:\Users\shiva\AppData\Local\Temp\tmp8t3dauby\test_workflow_20250730_152655_576415.json
2025-07-30 15:26:55,760 - lightflow - INFO - Loaded specific checkpoint: C:\Users\shiva\AppData\Local\Temp\tmp8t3dauby\test_workflow_20250730_152655_576415.json
2025-07-30 15:26:55,760 - lightflow - INFO - Loaded specific checkpoint: C:\Users\shiva\AppData\Local\Temp\tmp8t3dauby\test_workflow_20250730_152655_576415.json
2025-07-30 15:26:55,760 - lightflow - INFO - Loaded specific checkpoint: C:\Users\shiva\AppData\Local\Temp\tmp8t3dauby\test_workflow_20250730_152655_576415.json
2025-07-30 15:26:55,760 - lightflow - INFO - Loaded specific checkpoint: C:\Users\shiva\AppData\Local\Temp\tmp8t3dauby\test_workflow_20250730_152655_576415.json
2025-07-30 15:26:55,760 - lightflow - INFO - Loaded specific checkpoint: C:\Users\shiva\AppData\Local\Temp\tmp8t3dauby\test_workflow_20250730_152655_576415.json
2025-07-30 15:26:55,760 - lightflow - INFO - Loaded specific checkpoint: C:\Users\shiva\AppData\Local\Temp\tmp8t3dauby\test_workflow_20250730_152655_576415.json
2025-07-30 15:26:55,809 - lightflow - INFO - Checkpoint saved: C:\Users\shiva\AppData\Local\Temp\tmp8t3dauby\test_workflow_20250730_152655_805149.json
2025-07-30 15:26:55,809 - lightflow - INFO - Checkpoint saved: C:\Users\shiva\AppData\Local\Temp\tmp8t3dauby\test_workflow_20250730_152655_805149.json
2025-07-30 15:26:55,809 - lightflow - INFO - Checkpoint saved: C:\Users\shiva\AppData\Local\Temp\tmp8t3dauby\test_workflow_20250730_152655_805149.json
2025-07-30 15:26:55,809 - lightflow - INFO - Checkpoint saved: C:\Users\shiva\AppData\Local\Temp\tmp8t3dauby\test_workflow_20250730_152655_805149.json
2025-07-30 15:26:55,809 - lightflow - INFO - Checkpoint saved: C:\Users\shiva\AppData\Local\Temp\tmp8t3dauby\test_workflow_20250730_152655_805149.json
2025-07-30 15:26:55,809 - lightflow - INFO - Checkpoint saved: C:\Users\shiva\AppData\Local\Temp\tmp8t3dauby\test_workflow_20250730_152655_805149.json
2025-07-30 15:26:55,809 - lightflow - INFO - Checkpoint saved: C:\Users\shiva\AppData\Local\Temp\tmp8t3dauby\test_workflow_20250730_152655_805149.json
2025-07-30 15:26:55,809 - lightflow - INFO - Checkpoint saved: C:\Users\shiva\AppData\Local\Temp\tmp8t3dauby\test_workflow_20250730_152655_805149.json
2025-07-30 15:26:55,878 - lightflow - INFO - Loaded specific checkpoint: C:\Users\shiva\AppData\Local\Temp\tmp8t3dauby\test_workflow_20250730_152655_805149.json
2025-07-30 15:26:55,878 - lightflow - INFO - Loaded specific checkpoint: C:\Users\shiva\AppData\Local\Temp\tmp8t3dauby\test_workflow_20250730_152655_805149.json
2025-07-30 15:26:55,878 - lightflow - INFO - Loaded specific checkpoint: C:\Users\shiva\AppData\Local\Temp\tmp8t3dauby\test_workflow_20250730_152655_805149.json
2025-07-30 15:26:55,878 - lightflow - INFO - Loaded specific checkpoint: C:\Users\shiva\AppData\Local\Temp\tmp8t3dauby\test_workflow_20250730_152655_805149.json
2025-07-30 15:26:55,878 - lightflow - INFO - Loaded specific checkpoint: C:\Users\shiva\AppData\Local\Temp\tmp8t3dauby\test_workflow_20250730_152655_805149.json
2025-07-30 15:26:55,878 - lightflow - INFO - Loaded specific checkpoint: C:\Users\shiva\AppData\Local\Temp\tmp8t3dauby\test_workflow_20250730_152655_805149.json
2025-07-30 15:26:55,878 - lightflow - INFO - Loaded specific checkpoint: C:\Users\shiva\AppData\Local\Temp\tmp8t3dauby\test_workflow_20250730_152655_805149.json
2025-07-30 15:26:55,878 - lightflow - INFO - Loaded specific checkpoint: C:\Users\shiva\AppData\Local\Temp\tmp8t3dauby\test_workflow_20250730_152655_805149.json
