2025-07-30 15:33:11,576 - lightflow - INFO - Checkpoint saved: C:\Users\shiva\AppData\Local\Temp\tmp8_rj16xk\test_workflow_20250730_153311_565629.json
2025-07-30 15:33:11,640 - lightflow - INFO - Loaded checkpoint for workflow: test_workflow
2025-07-30 15:33:11,673 - lightflow - INFO - No checkpoint found for workflow: nonexistent
2025-07-30 15:33:11,673 - lightflow - INFO - No checkpoint found for workflow: nonexistent
2025-07-30 15:33:11,718 - lightflow - INFO - Checkpoint saved: C:\Users\shiva\AppData\Local\Temp\tmpc4276poe\test_workflow_20250730_153311_710823.json
2025-07-30 15:33:11,718 - lightflow - INFO - Checkpoint saved: C:\Users\shiva\AppData\Local\Temp\tmpc4276poe\test_workflow_20250730_153311_710823.json
2025-07-30 15:33:11,718 - lightflow - INFO - Checkpoint saved: C:\Users\shiva\AppData\Local\Temp\tmpc4276poe\test_workflow_20250730_153311_710823.json
2025-07-30 15:33:11,767 - lightflow - INFO - Loaded specific checkpoint: C:\Users\shiva\AppData\Local\Temp\tmpc4276poe\test_workflow_20250730_153311_710823.json
2025-07-30 15:33:11,767 - lightflow - INFO - Loaded specific checkpoint: C:\Users\shiva\AppData\Local\Temp\tmpc4276poe\test_workflow_20250730_153311_710823.json
2025-07-30 15:33:11,767 - lightflow - INFO - Loaded specific checkpoint: C:\Users\shiva\AppData\Local\Temp\tmpc4276poe\test_workflow_20250730_153311_710823.json
2025-07-30 15:33:11,808 - lightflow - INFO - Checkpoint saved: C:\Users\shiva\AppData\Local\Temp\tmp7w6hdcvy\test_workflow_20250730_153311_805266.json
2025-07-30 15:33:11,808 - lightflow - INFO - Checkpoint saved: C:\Users\shiva\AppData\Local\Temp\tmp7w6hdcvy\test_workflow_20250730_153311_805266.json
2025-07-30 15:33:11,808 - lightflow - INFO - Checkpoint saved: C:\Users\shiva\AppData\Local\Temp\tmp7w6hdcvy\test_workflow_20250730_153311_805266.json
2025-07-30 15:33:11,808 - lightflow - INFO - Checkpoint saved: C:\Users\shiva\AppData\Local\Temp\tmp7w6hdcvy\test_workflow_20250730_153311_805266.json
2025-07-30 15:33:11,840 - lightflow - INFO - Checkpoint saved: C:\Users\shiva\AppData\Local\Temp\tmp7w6hdcvy\test_workflow_20250730_153311_835401.json
2025-07-30 15:33:11,840 - lightflow - INFO - Checkpoint saved: C:\Users\shiva\AppData\Local\Temp\tmp7w6hdcvy\test_workflow_20250730_153311_835401.json
2025-07-30 15:33:11,840 - lightflow - INFO - Checkpoint saved: C:\Users\shiva\AppData\Local\Temp\tmp7w6hdcvy\test_workflow_20250730_153311_835401.json
2025-07-30 15:33:11,840 - lightflow - INFO - Checkpoint saved: C:\Users\shiva\AppData\Local\Temp\tmp7w6hdcvy\test_workflow_20250730_153311_835401.json
2025-07-30 15:33:11,871 - lightflow - INFO - Checkpoint saved: C:\Users\shiva\AppData\Local\Temp\tmp0881q7ne\test_workflow_20250730_153311_868126.json
2025-07-30 15:33:11,871 - lightflow - INFO - Checkpoint saved: C:\Users\shiva\AppData\Local\Temp\tmp0881q7ne\test_workflow_20250730_153311_868126.json
2025-07-30 15:33:11,871 - lightflow - INFO - Checkpoint saved: C:\Users\shiva\AppData\Local\Temp\tmp0881q7ne\test_workflow_20250730_153311_868126.json
2025-07-30 15:33:11,871 - lightflow - INFO - Checkpoint saved: C:\Users\shiva\AppData\Local\Temp\tmp0881q7ne\test_workflow_20250730_153311_868126.json
2025-07-30 15:33:11,871 - lightflow - INFO - Checkpoint saved: C:\Users\shiva\AppData\Local\Temp\tmp0881q7ne\test_workflow_20250730_153311_868126.json
2025-07-30 15:33:11,908 - lightflow - INFO - Deleted checkpoint: C:\Users\shiva\AppData\Local\Temp\tmp0881q7ne\test_workflow_20250730_153311_868126.json
2025-07-30 15:33:11,908 - lightflow - INFO - Deleted checkpoint: C:\Users\shiva\AppData\Local\Temp\tmp0881q7ne\test_workflow_20250730_153311_868126.json
2025-07-30 15:33:11,908 - lightflow - INFO - Deleted checkpoint: C:\Users\shiva\AppData\Local\Temp\tmp0881q7ne\test_workflow_20250730_153311_868126.json
2025-07-30 15:33:11,908 - lightflow - INFO - Deleted checkpoint: C:\Users\shiva\AppData\Local\Temp\tmp0881q7ne\test_workflow_20250730_153311_868126.json
2025-07-30 15:33:11,908 - lightflow - INFO - Deleted checkpoint: C:\Users\shiva\AppData\Local\Temp\tmp0881q7ne\test_workflow_20250730_153311_868126.json
2025-07-30 15:33:11,943 - lightflow - INFO - Checkpoint saved: C:\Users\shiva\AppData\Local\Temp\tmp1hw7rqv9\test_workflow_20250730_153311_940743.json
2025-07-30 15:33:11,943 - lightflow - INFO - Checkpoint saved: C:\Users\shiva\AppData\Local\Temp\tmp1hw7rqv9\test_workflow_20250730_153311_940743.json
2025-07-30 15:33:11,943 - lightflow - INFO - Checkpoint saved: C:\Users\shiva\AppData\Local\Temp\tmp1hw7rqv9\test_workflow_20250730_153311_940743.json
2025-07-30 15:33:11,943 - lightflow - INFO - Checkpoint saved: C:\Users\shiva\AppData\Local\Temp\tmp1hw7rqv9\test_workflow_20250730_153311_940743.json
2025-07-30 15:33:11,943 - lightflow - INFO - Checkpoint saved: C:\Users\shiva\AppData\Local\Temp\tmp1hw7rqv9\test_workflow_20250730_153311_940743.json
2025-07-30 15:33:11,943 - lightflow - INFO - Checkpoint saved: C:\Users\shiva\AppData\Local\Temp\tmp1hw7rqv9\test_workflow_20250730_153311_940743.json
2025-07-30 15:33:11,997 - lightflow - INFO - Checkpoint saved: C:\Users\shiva\AppData\Local\Temp\tmp1hw7rqv9\other_workflow_20250730_153311_981521.json
2025-07-30 15:33:11,997 - lightflow - INFO - Checkpoint saved: C:\Users\shiva\AppData\Local\Temp\tmp1hw7rqv9\other_workflow_20250730_153311_981521.json
2025-07-30 15:33:11,997 - lightflow - INFO - Checkpoint saved: C:\Users\shiva\AppData\Local\Temp\tmp1hw7rqv9\other_workflow_20250730_153311_981521.json
2025-07-30 15:33:11,997 - lightflow - INFO - Checkpoint saved: C:\Users\shiva\AppData\Local\Temp\tmp1hw7rqv9\other_workflow_20250730_153311_981521.json
2025-07-30 15:33:11,997 - lightflow - INFO - Checkpoint saved: C:\Users\shiva\AppData\Local\Temp\tmp1hw7rqv9\other_workflow_20250730_153311_981521.json
2025-07-30 15:33:11,997 - lightflow - INFO - Checkpoint saved: C:\Users\shiva\AppData\Local\Temp\tmp1hw7rqv9\other_workflow_20250730_153311_981521.json
2025-07-30 15:33:12,030 - lightflow - INFO - Deleted checkpoint: C:\Users\shiva\AppData\Local\Temp\tmp1hw7rqv9\test_workflow_20250730_153311_940743.json
2025-07-30 15:33:12,030 - lightflow - INFO - Deleted checkpoint: C:\Users\shiva\AppData\Local\Temp\tmp1hw7rqv9\test_workflow_20250730_153311_940743.json
2025-07-30 15:33:12,030 - lightflow - INFO - Deleted checkpoint: C:\Users\shiva\AppData\Local\Temp\tmp1hw7rqv9\test_workflow_20250730_153311_940743.json
2025-07-30 15:33:12,030 - lightflow - INFO - Deleted checkpoint: C:\Users\shiva\AppData\Local\Temp\tmp1hw7rqv9\test_workflow_20250730_153311_940743.json
2025-07-30 15:33:12,030 - lightflow - INFO - Deleted checkpoint: C:\Users\shiva\AppData\Local\Temp\tmp1hw7rqv9\test_workflow_20250730_153311_940743.json
2025-07-30 15:33:12,030 - lightflow - INFO - Deleted checkpoint: C:\Users\shiva\AppData\Local\Temp\tmp1hw7rqv9\test_workflow_20250730_153311_940743.json
2025-07-30 15:33:12,045 - lightflow - INFO - Deleted checkpoint: C:\Users\shiva\AppData\Local\Temp\tmp1hw7rqv9\test_workflow_latest.json
2025-07-30 15:33:12,045 - lightflow - INFO - Deleted checkpoint: C:\Users\shiva\AppData\Local\Temp\tmp1hw7rqv9\test_workflow_latest.json
2025-07-30 15:33:12,045 - lightflow - INFO - Deleted checkpoint: C:\Users\shiva\AppData\Local\Temp\tmp1hw7rqv9\test_workflow_latest.json
2025-07-30 15:33:12,045 - lightflow - INFO - Deleted checkpoint: C:\Users\shiva\AppData\Local\Temp\tmp1hw7rqv9\test_workflow_latest.json
2025-07-30 15:33:12,045 - lightflow - INFO - Deleted checkpoint: C:\Users\shiva\AppData\Local\Temp\tmp1hw7rqv9\test_workflow_latest.json
2025-07-30 15:33:12,045 - lightflow - INFO - Deleted checkpoint: C:\Users\shiva\AppData\Local\Temp\tmp1hw7rqv9\test_workflow_latest.json
2025-07-30 15:33:12,061 - lightflow - INFO - Cleared 2 checkpoints
2025-07-30 15:33:12,061 - lightflow - INFO - Cleared 2 checkpoints
2025-07-30 15:33:12,061 - lightflow - INFO - Cleared 2 checkpoints
2025-07-30 15:33:12,061 - lightflow - INFO - Cleared 2 checkpoints
2025-07-30 15:33:12,061 - lightflow - INFO - Cleared 2 checkpoints
2025-07-30 15:33:12,061 - lightflow - INFO - Cleared 2 checkpoints
2025-07-30 15:33:12,090 - lightflow - INFO - Deleted checkpoint: C:\Users\shiva\AppData\Local\Temp\tmp1hw7rqv9\other_workflow_20250730_153311_981521.json
2025-07-30 15:33:12,090 - lightflow - INFO - Deleted checkpoint: C:\Users\shiva\AppData\Local\Temp\tmp1hw7rqv9\other_workflow_20250730_153311_981521.json
2025-07-30 15:33:12,090 - lightflow - INFO - Deleted checkpoint: C:\Users\shiva\AppData\Local\Temp\tmp1hw7rqv9\other_workflow_20250730_153311_981521.json
2025-07-30 15:33:12,090 - lightflow - INFO - Deleted checkpoint: C:\Users\shiva\AppData\Local\Temp\tmp1hw7rqv9\other_workflow_20250730_153311_981521.json
2025-07-30 15:33:12,090 - lightflow - INFO - Deleted checkpoint: C:\Users\shiva\AppData\Local\Temp\tmp1hw7rqv9\other_workflow_20250730_153311_981521.json
2025-07-30 15:33:12,090 - lightflow - INFO - Deleted checkpoint: C:\Users\shiva\AppData\Local\Temp\tmp1hw7rqv9\other_workflow_20250730_153311_981521.json
2025-07-30 15:33:12,133 - lightflow - INFO - Deleted checkpoint: C:\Users\shiva\AppData\Local\Temp\tmp1hw7rqv9\other_workflow_latest.json
2025-07-30 15:33:12,133 - lightflow - INFO - Deleted checkpoint: C:\Users\shiva\AppData\Local\Temp\tmp1hw7rqv9\other_workflow_latest.json
2025-07-30 15:33:12,133 - lightflow - INFO - Deleted checkpoint: C:\Users\shiva\AppData\Local\Temp\tmp1hw7rqv9\other_workflow_latest.json
2025-07-30 15:33:12,133 - lightflow - INFO - Deleted checkpoint: C:\Users\shiva\AppData\Local\Temp\tmp1hw7rqv9\other_workflow_latest.json
2025-07-30 15:33:12,133 - lightflow - INFO - Deleted checkpoint: C:\Users\shiva\AppData\Local\Temp\tmp1hw7rqv9\other_workflow_latest.json
2025-07-30 15:33:12,133 - lightflow - INFO - Deleted checkpoint: C:\Users\shiva\AppData\Local\Temp\tmp1hw7rqv9\other_workflow_latest.json
2025-07-30 15:33:12,160 - lightflow - INFO - Cleared 2 checkpoints
2025-07-30 15:33:12,160 - lightflow - INFO - Cleared 2 checkpoints
2025-07-30 15:33:12,160 - lightflow - INFO - Cleared 2 checkpoints
2025-07-30 15:33:12,160 - lightflow - INFO - Cleared 2 checkpoints
2025-07-30 15:33:12,160 - lightflow - INFO - Cleared 2 checkpoints
2025-07-30 15:33:12,160 - lightflow - INFO - Cleared 2 checkpoints
2025-07-30 15:33:12,197 - lightflow - INFO - Checkpoint saved: C:\Users\shiva\AppData\Local\Temp\tmppqq2ew8y\test_workflow_20250730_153312_193330.json
2025-07-30 15:33:12,197 - lightflow - INFO - Checkpoint saved: C:\Users\shiva\AppData\Local\Temp\tmppqq2ew8y\test_workflow_20250730_153312_193330.json
2025-07-30 15:33:12,197 - lightflow - INFO - Checkpoint saved: C:\Users\shiva\AppData\Local\Temp\tmppqq2ew8y\test_workflow_20250730_153312_193330.json
2025-07-30 15:33:12,197 - lightflow - INFO - Checkpoint saved: C:\Users\shiva\AppData\Local\Temp\tmppqq2ew8y\test_workflow_20250730_153312_193330.json
2025-07-30 15:33:12,197 - lightflow - INFO - Checkpoint saved: C:\Users\shiva\AppData\Local\Temp\tmppqq2ew8y\test_workflow_20250730_153312_193330.json
2025-07-30 15:33:12,197 - lightflow - INFO - Checkpoint saved: C:\Users\shiva\AppData\Local\Temp\tmppqq2ew8y\test_workflow_20250730_153312_193330.json
2025-07-30 15:33:12,303 - lightflow - INFO - Checkpoint saved: C:\Users\shiva\AppData\Local\Temp\tmpye5itr00\test_workflow_20250730_153312_299689.json
2025-07-30 15:33:12,303 - lightflow - INFO - Checkpoint saved: C:\Users\shiva\AppData\Local\Temp\tmpye5itr00\test_workflow_20250730_153312_299689.json
2025-07-30 15:33:12,303 - lightflow - INFO - Checkpoint saved: C:\Users\shiva\AppData\Local\Temp\tmpye5itr00\test_workflow_20250730_153312_299689.json
2025-07-30 15:33:12,303 - lightflow - INFO - Checkpoint saved: C:\Users\shiva\AppData\Local\Temp\tmpye5itr00\test_workflow_20250730_153312_299689.json
2025-07-30 15:33:12,303 - lightflow - INFO - Checkpoint saved: C:\Users\shiva\AppData\Local\Temp\tmpye5itr00\test_workflow_20250730_153312_299689.json
2025-07-30 15:33:12,303 - lightflow - INFO - Checkpoint saved: C:\Users\shiva\AppData\Local\Temp\tmpye5itr00\test_workflow_20250730_153312_299689.json
2025-07-30 15:33:12,363 - lightflow - INFO - Loaded checkpoint for workflow: test_workflow
2025-07-30 15:33:12,363 - lightflow - INFO - Loaded checkpoint for workflow: test_workflow
2025-07-30 15:33:12,363 - lightflow - INFO - Loaded checkpoint for workflow: test_workflow
2025-07-30 15:33:12,363 - lightflow - INFO - Loaded checkpoint for workflow: test_workflow
2025-07-30 15:33:12,363 - lightflow - INFO - Loaded checkpoint for workflow: test_workflow
2025-07-30 15:33:12,363 - lightflow - INFO - Loaded checkpoint for workflow: test_workflow
2025-07-30 15:33:12,401 - lightflow - INFO - Loaded checkpoint for workflow: test_workflow
2025-07-30 15:33:12,401 - lightflow - INFO - Loaded checkpoint for workflow: test_workflow
2025-07-30 15:33:12,401 - lightflow - INFO - Loaded checkpoint for workflow: test_workflow
2025-07-30 15:33:12,401 - lightflow - INFO - Loaded checkpoint for workflow: test_workflow
2025-07-30 15:33:12,401 - lightflow - INFO - Loaded checkpoint for workflow: test_workflow
2025-07-30 15:33:12,401 - lightflow - INFO - Loaded checkpoint for workflow: test_workflow
2025-07-30 15:33:12,461 - lightflow - INFO - Checkpoint saved: C:\Users\shiva\AppData\Local\Temp\tmp_j0zomdc\test_workflow_20250730_153312_458299.json
2025-07-30 15:33:12,461 - lightflow - INFO - Checkpoint saved: C:\Users\shiva\AppData\Local\Temp\tmp_j0zomdc\test_workflow_20250730_153312_458299.json
2025-07-30 15:33:12,461 - lightflow - INFO - Checkpoint saved: C:\Users\shiva\AppData\Local\Temp\tmp_j0zomdc\test_workflow_20250730_153312_458299.json
2025-07-30 15:33:12,461 - lightflow - INFO - Checkpoint saved: C:\Users\shiva\AppData\Local\Temp\tmp_j0zomdc\test_workflow_20250730_153312_458299.json
2025-07-30 15:33:12,461 - lightflow - INFO - Checkpoint saved: C:\Users\shiva\AppData\Local\Temp\tmp_j0zomdc\test_workflow_20250730_153312_458299.json
2025-07-30 15:33:12,461 - lightflow - INFO - Checkpoint saved: C:\Users\shiva\AppData\Local\Temp\tmp_j0zomdc\test_workflow_20250730_153312_458299.json
2025-07-30 15:33:12,582 - lightflow - INFO - Loaded checkpoint for workflow: test_workflow
2025-07-30 15:33:12,582 - lightflow - INFO - Loaded checkpoint for workflow: test_workflow
2025-07-30 15:33:12,582 - lightflow - INFO - Loaded checkpoint for workflow: test_workflow
2025-07-30 15:33:12,582 - lightflow - INFO - Loaded checkpoint for workflow: test_workflow
2025-07-30 15:33:12,582 - lightflow - INFO - Loaded checkpoint for workflow: test_workflow
2025-07-30 15:33:12,582 - lightflow - INFO - Loaded checkpoint for workflow: test_workflow
2025-07-30 15:33:12,663 - lightflow - INFO - Checkpoint saved: C:\Users\shiva\AppData\Local\Temp\tmpjranqbai\test_workflow_20250730_153312_657658.json
2025-07-30 15:33:12,663 - lightflow - INFO - Checkpoint saved: C:\Users\shiva\AppData\Local\Temp\tmpjranqbai\test_workflow_20250730_153312_657658.json
2025-07-30 15:33:12,663 - lightflow - INFO - Checkpoint saved: C:\Users\shiva\AppData\Local\Temp\tmpjranqbai\test_workflow_20250730_153312_657658.json
2025-07-30 15:33:12,663 - lightflow - INFO - Checkpoint saved: C:\Users\shiva\AppData\Local\Temp\tmpjranqbai\test_workflow_20250730_153312_657658.json
2025-07-30 15:33:12,663 - lightflow - INFO - Checkpoint saved: C:\Users\shiva\AppData\Local\Temp\tmpjranqbai\test_workflow_20250730_153312_657658.json
2025-07-30 15:33:12,663 - lightflow - INFO - Checkpoint saved: C:\Users\shiva\AppData\Local\Temp\tmpjranqbai\test_workflow_20250730_153312_657658.json
2025-07-30 15:33:12,775 - lightflow - INFO - Loaded checkpoint for workflow: test_workflow
2025-07-30 15:33:12,775 - lightflow - INFO - Loaded checkpoint for workflow: test_workflow
2025-07-30 15:33:12,775 - lightflow - INFO - Loaded checkpoint for workflow: test_workflow
2025-07-30 15:33:12,775 - lightflow - INFO - Loaded checkpoint for workflow: test_workflow
2025-07-30 15:33:12,775 - lightflow - INFO - Loaded checkpoint for workflow: test_workflow
2025-07-30 15:33:12,775 - lightflow - INFO - Loaded checkpoint for workflow: test_workflow
2025-07-30 15:33:12,873 - lightflow - INFO - Loaded checkpoint for workflow: test_workflow
2025-07-30 15:33:12,873 - lightflow - INFO - Loaded checkpoint for workflow: test_workflow
2025-07-30 15:33:12,873 - lightflow - INFO - Loaded checkpoint for workflow: test_workflow
2025-07-30 15:33:12,873 - lightflow - INFO - Loaded checkpoint for workflow: test_workflow
2025-07-30 15:33:12,873 - lightflow - INFO - Loaded checkpoint for workflow: test_workflow
2025-07-30 15:33:12,873 - lightflow - INFO - Loaded checkpoint for workflow: test_workflow
2025-07-30 15:33:12,960 - lightflow - INFO - Checkpoint saved: C:\Users\shiva\AppData\Local\Temp\tmp0u2byig6\test_workflow_20250730_153312_952928.json
2025-07-30 15:33:12,960 - lightflow - INFO - Checkpoint saved: C:\Users\shiva\AppData\Local\Temp\tmp0u2byig6\test_workflow_20250730_153312_952928.json
2025-07-30 15:33:12,960 - lightflow - INFO - Checkpoint saved: C:\Users\shiva\AppData\Local\Temp\tmp0u2byig6\test_workflow_20250730_153312_952928.json
2025-07-30 15:33:12,960 - lightflow - INFO - Checkpoint saved: C:\Users\shiva\AppData\Local\Temp\tmp0u2byig6\test_workflow_20250730_153312_952928.json
2025-07-30 15:33:12,960 - lightflow - INFO - Checkpoint saved: C:\Users\shiva\AppData\Local\Temp\tmp0u2byig6\test_workflow_20250730_153312_952928.json
2025-07-30 15:33:12,960 - lightflow - INFO - Checkpoint saved: C:\Users\shiva\AppData\Local\Temp\tmp0u2byig6\test_workflow_20250730_153312_952928.json
2025-07-30 15:33:13,056 - lightflow - INFO - Checkpoint saved: C:\Users\shiva\AppData\Local\Temp\tmp0u2byig6\test_workflow_20250730_153313_050166.json
2025-07-30 15:33:13,056 - lightflow - INFO - Checkpoint saved: C:\Users\shiva\AppData\Local\Temp\tmp0u2byig6\test_workflow_20250730_153313_050166.json
2025-07-30 15:33:13,056 - lightflow - INFO - Checkpoint saved: C:\Users\shiva\AppData\Local\Temp\tmp0u2byig6\test_workflow_20250730_153313_050166.json
2025-07-30 15:33:13,056 - lightflow - INFO - Checkpoint saved: C:\Users\shiva\AppData\Local\Temp\tmp0u2byig6\test_workflow_20250730_153313_050166.json
2025-07-30 15:33:13,056 - lightflow - INFO - Checkpoint saved: C:\Users\shiva\AppData\Local\Temp\tmp0u2byig6\test_workflow_20250730_153313_050166.json
2025-07-30 15:33:13,056 - lightflow - INFO - Checkpoint saved: C:\Users\shiva\AppData\Local\Temp\tmp0u2byig6\test_workflow_20250730_153313_050166.json
2025-07-30 15:33:13,158 - lightflow - INFO - Loaded specific checkpoint: C:\Users\shiva\AppData\Local\Temp\tmp0u2byig6\test_workflow_20250730_153312_952928.json
2025-07-30 15:33:13,158 - lightflow - INFO - Loaded specific checkpoint: C:\Users\shiva\AppData\Local\Temp\tmp0u2byig6\test_workflow_20250730_153312_952928.json
2025-07-30 15:33:13,158 - lightflow - INFO - Loaded specific checkpoint: C:\Users\shiva\AppData\Local\Temp\tmp0u2byig6\test_workflow_20250730_153312_952928.json
2025-07-30 15:33:13,158 - lightflow - INFO - Loaded specific checkpoint: C:\Users\shiva\AppData\Local\Temp\tmp0u2byig6\test_workflow_20250730_153312_952928.json
2025-07-30 15:33:13,158 - lightflow - INFO - Loaded specific checkpoint: C:\Users\shiva\AppData\Local\Temp\tmp0u2byig6\test_workflow_20250730_153312_952928.json
2025-07-30 15:33:13,158 - lightflow - INFO - Loaded specific checkpoint: C:\Users\shiva\AppData\Local\Temp\tmp0u2byig6\test_workflow_20250730_153312_952928.json
2025-07-30 15:33:13,255 - lightflow - INFO - Loaded specific checkpoint: C:\Users\shiva\AppData\Local\Temp\tmp0u2byig6\test_workflow_20250730_153313_050166.json
2025-07-30 15:33:13,255 - lightflow - INFO - Loaded specific checkpoint: C:\Users\shiva\AppData\Local\Temp\tmp0u2byig6\test_workflow_20250730_153313_050166.json
2025-07-30 15:33:13,255 - lightflow - INFO - Loaded specific checkpoint: C:\Users\shiva\AppData\Local\Temp\tmp0u2byig6\test_workflow_20250730_153313_050166.json
2025-07-30 15:33:13,255 - lightflow - INFO - Loaded specific checkpoint: C:\Users\shiva\AppData\Local\Temp\tmp0u2byig6\test_workflow_20250730_153313_050166.json
2025-07-30 15:33:13,255 - lightflow - INFO - Loaded specific checkpoint: C:\Users\shiva\AppData\Local\Temp\tmp0u2byig6\test_workflow_20250730_153313_050166.json
2025-07-30 15:33:13,255 - lightflow - INFO - Loaded specific checkpoint: C:\Users\shiva\AppData\Local\Temp\tmp0u2byig6\test_workflow_20250730_153313_050166.json
2025-07-30 15:33:13,337 - lightflow - INFO - Checkpoint saved: C:\Users\shiva\AppData\Local\Temp\tmp0u2byig6\test_workflow_20250730_153313_332730.json
2025-07-30 15:33:13,337 - lightflow - INFO - Checkpoint saved: C:\Users\shiva\AppData\Local\Temp\tmp0u2byig6\test_workflow_20250730_153313_332730.json
2025-07-30 15:33:13,337 - lightflow - INFO - Checkpoint saved: C:\Users\shiva\AppData\Local\Temp\tmp0u2byig6\test_workflow_20250730_153313_332730.json
2025-07-30 15:33:13,337 - lightflow - INFO - Checkpoint saved: C:\Users\shiva\AppData\Local\Temp\tmp0u2byig6\test_workflow_20250730_153313_332730.json
2025-07-30 15:33:13,337 - lightflow - INFO - Checkpoint saved: C:\Users\shiva\AppData\Local\Temp\tmp0u2byig6\test_workflow_20250730_153313_332730.json
2025-07-30 15:33:13,337 - lightflow - INFO - Checkpoint saved: C:\Users\shiva\AppData\Local\Temp\tmp0u2byig6\test_workflow_20250730_153313_332730.json
2025-07-30 15:33:13,441 - lightflow - INFO - Loaded specific checkpoint: C:\Users\shiva\AppData\Local\Temp\tmp0u2byig6\test_workflow_20250730_153313_332730.json
2025-07-30 15:33:13,441 - lightflow - INFO - Loaded specific checkpoint: C:\Users\shiva\AppData\Local\Temp\tmp0u2byig6\test_workflow_20250730_153313_332730.json
2025-07-30 15:33:13,441 - lightflow - INFO - Loaded specific checkpoint: C:\Users\shiva\AppData\Local\Temp\tmp0u2byig6\test_workflow_20250730_153313_332730.json
2025-07-30 15:33:13,441 - lightflow - INFO - Loaded specific checkpoint: C:\Users\shiva\AppData\Local\Temp\tmp0u2byig6\test_workflow_20250730_153313_332730.json
2025-07-30 15:33:13,441 - lightflow - INFO - Loaded specific checkpoint: C:\Users\shiva\AppData\Local\Temp\tmp0u2byig6\test_workflow_20250730_153313_332730.json
2025-07-30 15:33:13,441 - lightflow - INFO - Loaded specific checkpoint: C:\Users\shiva\AppData\Local\Temp\tmp0u2byig6\test_workflow_20250730_153313_332730.json
2025-07-30 15:33:13,918 - lightflow - INFO - No checkpoint found for workflow: test_workflow
2025-07-30 15:33:13,918 - lightflow - INFO - No checkpoint found for workflow: test_workflow
2025-07-30 15:33:13,918 - lightflow - INFO - No checkpoint found for workflow: test_workflow
2025-07-30 15:33:13,918 - lightflow - INFO - No checkpoint found for workflow: test_workflow
2025-07-30 15:33:13,918 - lightflow - INFO - No checkpoint found for workflow: test_workflow
2025-07-30 15:33:13,918 - lightflow - INFO - No checkpoint found for workflow: test_workflow
2025-07-30 15:33:14,123 - lightflow - INFO - Starting workflow execution with 2 tasks
2025-07-30 15:33:14,123 - lightflow - INFO - Starting workflow execution with 2 tasks
2025-07-30 15:33:14,123 - lightflow - INFO - Starting workflow execution with 2 tasks
2025-07-30 15:33:14,123 - lightflow - INFO - Starting workflow execution with 2 tasks
2025-07-30 15:33:14,123 - lightflow - INFO - Starting workflow execution with 2 tasks
2025-07-30 15:33:14,123 - lightflow - INFO - Starting workflow execution with 2 tasks
2025-07-30 15:33:14,316 - lightflow - INFO - Execution mode: thread
2025-07-30 15:33:14,316 - lightflow - INFO - Execution mode: thread
2025-07-30 15:33:14,316 - lightflow - INFO - Execution mode: thread
2025-07-30 15:33:14,316 - lightflow - INFO - Execution mode: thread
2025-07-30 15:33:14,316 - lightflow - INFO - Execution mode: thread
2025-07-30 15:33:14,316 - lightflow - INFO - Execution mode: thread
2025-07-30 15:33:14,438 - lightflow - INFO - Max parallel tasks: 2
2025-07-30 15:33:14,438 - lightflow - INFO - Max parallel tasks: 2
2025-07-30 15:33:14,438 - lightflow - INFO - Max parallel tasks: 2
2025-07-30 15:33:14,438 - lightflow - INFO - Max parallel tasks: 2
2025-07-30 15:33:14,438 - lightflow - INFO - Max parallel tasks: 2
2025-07-30 15:33:14,438 - lightflow - INFO - Max parallel tasks: 2
2025-07-30 15:33:14,553 - lightflow - INFO - Executing batch: ['task1']
2025-07-30 15:33:14,553 - lightflow - INFO - Executing batch: ['task1']
2025-07-30 15:33:14,553 - lightflow - INFO - Executing batch: ['task1']
2025-07-30 15:33:14,553 - lightflow - INFO - Executing batch: ['task1']
2025-07-30 15:33:14,553 - lightflow - INFO - Executing batch: ['task1']
2025-07-30 15:33:14,553 - lightflow - INFO - Executing batch: ['task1']
2025-07-30 15:33:14,840 - lightflow - INFO - Task task1 completed successfully
2025-07-30 15:33:14,840 - lightflow - INFO - Task task1 completed successfully
2025-07-30 15:33:14,840 - lightflow - INFO - Task task1 completed successfully
2025-07-30 15:33:14,840 - lightflow - INFO - Task task1 completed successfully
2025-07-30 15:33:14,840 - lightflow - INFO - Task task1 completed successfully
2025-07-30 15:33:14,840 - lightflow - INFO - Task task1 completed successfully
2025-07-30 15:33:14,970 - lightflow - INFO - Executing batch: ['task2']
2025-07-30 15:33:14,970 - lightflow - INFO - Executing batch: ['task2']
2025-07-30 15:33:14,970 - lightflow - INFO - Executing batch: ['task2']
2025-07-30 15:33:14,970 - lightflow - INFO - Executing batch: ['task2']
2025-07-30 15:33:14,970 - lightflow - INFO - Executing batch: ['task2']
2025-07-30 15:33:14,970 - lightflow - INFO - Executing batch: ['task2']
2025-07-30 15:33:15,303 - lightflow - INFO - Task task2 completed successfully
2025-07-30 15:33:15,303 - lightflow - INFO - Task task2 completed successfully
2025-07-30 15:33:15,303 - lightflow - INFO - Task task2 completed successfully
2025-07-30 15:33:15,303 - lightflow - INFO - Task task2 completed successfully
2025-07-30 15:33:15,303 - lightflow - INFO - Task task2 completed successfully
2025-07-30 15:33:15,303 - lightflow - INFO - Task task2 completed successfully
2025-07-30 15:33:15,451 - lightflow - INFO - Checkpoint saved: .lightflow-checkpoints\test_workflow_20250730_153315_443712.json
2025-07-30 15:33:15,451 - lightflow - INFO - Checkpoint saved: .lightflow-checkpoints\test_workflow_20250730_153315_443712.json
2025-07-30 15:33:15,451 - lightflow - INFO - Checkpoint saved: .lightflow-checkpoints\test_workflow_20250730_153315_443712.json
2025-07-30 15:33:15,451 - lightflow - INFO - Checkpoint saved: .lightflow-checkpoints\test_workflow_20250730_153315_443712.json
2025-07-30 15:33:15,451 - lightflow - INFO - Checkpoint saved: .lightflow-checkpoints\test_workflow_20250730_153315_443712.json
2025-07-30 15:33:15,451 - lightflow - INFO - Checkpoint saved: .lightflow-checkpoints\test_workflow_20250730_153315_443712.json
2025-07-30 15:33:15,616 - lightflow - INFO - No checkpoint found for workflow: test_python_workflow
2025-07-30 15:33:15,616 - lightflow - INFO - No checkpoint found for workflow: test_python_workflow
2025-07-30 15:33:15,616 - lightflow - INFO - No checkpoint found for workflow: test_python_workflow
2025-07-30 15:33:15,616 - lightflow - INFO - No checkpoint found for workflow: test_python_workflow
2025-07-30 15:33:15,616 - lightflow - INFO - No checkpoint found for workflow: test_python_workflow
2025-07-30 15:33:15,616 - lightflow - INFO - No checkpoint found for workflow: test_python_workflow
2025-07-30 15:33:15,759 - lightflow - INFO - Starting workflow execution with 1 tasks
2025-07-30 15:33:15,759 - lightflow - INFO - Starting workflow execution with 1 tasks
2025-07-30 15:33:15,759 - lightflow - INFO - Starting workflow execution with 1 tasks
2025-07-30 15:33:15,759 - lightflow - INFO - Starting workflow execution with 1 tasks
2025-07-30 15:33:15,759 - lightflow - INFO - Starting workflow execution with 1 tasks
2025-07-30 15:33:15,759 - lightflow - INFO - Starting workflow execution with 1 tasks
2025-07-30 15:33:15,912 - lightflow - INFO - Execution mode: thread
2025-07-30 15:33:15,912 - lightflow - INFO - Execution mode: thread
2025-07-30 15:33:15,912 - lightflow - INFO - Execution mode: thread
2025-07-30 15:33:15,912 - lightflow - INFO - Execution mode: thread
2025-07-30 15:33:15,912 - lightflow - INFO - Execution mode: thread
2025-07-30 15:33:15,912 - lightflow - INFO - Execution mode: thread
2025-07-30 15:33:16,022 - lightflow - INFO - Max parallel tasks: 2
2025-07-30 15:33:16,022 - lightflow - INFO - Max parallel tasks: 2
2025-07-30 15:33:16,022 - lightflow - INFO - Max parallel tasks: 2
2025-07-30 15:33:16,022 - lightflow - INFO - Max parallel tasks: 2
2025-07-30 15:33:16,022 - lightflow - INFO - Max parallel tasks: 2
2025-07-30 15:33:16,022 - lightflow - INFO - Max parallel tasks: 2
2025-07-30 15:33:16,169 - lightflow - INFO - Executing batch: ['task1']
2025-07-30 15:33:16,169 - lightflow - INFO - Executing batch: ['task1']
2025-07-30 15:33:16,169 - lightflow - INFO - Executing batch: ['task1']
2025-07-30 15:33:16,169 - lightflow - INFO - Executing batch: ['task1']
2025-07-30 15:33:16,169 - lightflow - INFO - Executing batch: ['task1']
2025-07-30 15:33:16,169 - lightflow - INFO - Executing batch: ['task1']
2025-07-30 15:33:16,387 - lightflow - INFO - Task task1 completed successfully
2025-07-30 15:33:16,387 - lightflow - INFO - Task task1 completed successfully
2025-07-30 15:33:16,387 - lightflow - INFO - Task task1 completed successfully
2025-07-30 15:33:16,387 - lightflow - INFO - Task task1 completed successfully
2025-07-30 15:33:16,387 - lightflow - INFO - Task task1 completed successfully
2025-07-30 15:33:16,387 - lightflow - INFO - Task task1 completed successfully
2025-07-30 15:33:16,494 - lightflow - INFO - Checkpoint saved: .lightflow-checkpoints\test_python_workflow_20250730_153316_493054.json
2025-07-30 15:33:16,494 - lightflow - INFO - Checkpoint saved: .lightflow-checkpoints\test_python_workflow_20250730_153316_493054.json
2025-07-30 15:33:16,494 - lightflow - INFO - Checkpoint saved: .lightflow-checkpoints\test_python_workflow_20250730_153316_493054.json
2025-07-30 15:33:16,494 - lightflow - INFO - Checkpoint saved: .lightflow-checkpoints\test_python_workflow_20250730_153316_493054.json
2025-07-30 15:33:16,494 - lightflow - INFO - Checkpoint saved: .lightflow-checkpoints\test_python_workflow_20250730_153316_493054.json
2025-07-30 15:33:16,494 - lightflow - INFO - Checkpoint saved: .lightflow-checkpoints\test_python_workflow_20250730_153316_493054.json
2025-07-30 15:33:16,600 - lightflow - INFO - No checkpoint found for workflow: test_failing_workflow
2025-07-30 15:33:16,600 - lightflow - INFO - No checkpoint found for workflow: test_failing_workflow
2025-07-30 15:33:16,600 - lightflow - INFO - No checkpoint found for workflow: test_failing_workflow
2025-07-30 15:33:16,600 - lightflow - INFO - No checkpoint found for workflow: test_failing_workflow
2025-07-30 15:33:16,600 - lightflow - INFO - No checkpoint found for workflow: test_failing_workflow
2025-07-30 15:33:16,600 - lightflow - INFO - No checkpoint found for workflow: test_failing_workflow
2025-07-30 15:33:16,758 - lightflow - INFO - Starting workflow execution with 1 tasks
2025-07-30 15:33:16,758 - lightflow - INFO - Starting workflow execution with 1 tasks
2025-07-30 15:33:16,758 - lightflow - INFO - Starting workflow execution with 1 tasks
2025-07-30 15:33:16,758 - lightflow - INFO - Starting workflow execution with 1 tasks
2025-07-30 15:33:16,758 - lightflow - INFO - Starting workflow execution with 1 tasks
2025-07-30 15:33:16,758 - lightflow - INFO - Starting workflow execution with 1 tasks
2025-07-30 15:33:16,871 - lightflow - INFO - Execution mode: thread
2025-07-30 15:33:16,871 - lightflow - INFO - Execution mode: thread
2025-07-30 15:33:16,871 - lightflow - INFO - Execution mode: thread
2025-07-30 15:33:16,871 - lightflow - INFO - Execution mode: thread
2025-07-30 15:33:16,871 - lightflow - INFO - Execution mode: thread
2025-07-30 15:33:16,871 - lightflow - INFO - Execution mode: thread
2025-07-30 15:33:16,987 - lightflow - INFO - Max parallel tasks: 2
2025-07-30 15:33:16,987 - lightflow - INFO - Max parallel tasks: 2
2025-07-30 15:33:16,987 - lightflow - INFO - Max parallel tasks: 2
2025-07-30 15:33:16,987 - lightflow - INFO - Max parallel tasks: 2
2025-07-30 15:33:16,987 - lightflow - INFO - Max parallel tasks: 2
2025-07-30 15:33:16,987 - lightflow - INFO - Max parallel tasks: 2
2025-07-30 15:33:17,112 - lightflow - INFO - Executing batch: ['task1']
2025-07-30 15:33:17,112 - lightflow - INFO - Executing batch: ['task1']
2025-07-30 15:33:17,112 - lightflow - INFO - Executing batch: ['task1']
2025-07-30 15:33:17,112 - lightflow - INFO - Executing batch: ['task1']
2025-07-30 15:33:17,112 - lightflow - INFO - Executing batch: ['task1']
2025-07-30 15:33:17,112 - lightflow - INFO - Executing batch: ['task1']
2025-07-30 15:33:17,300 - lightflow - INFO - Task task1 completed successfully
2025-07-30 15:33:17,300 - lightflow - INFO - Task task1 completed successfully
2025-07-30 15:33:17,300 - lightflow - INFO - Task task1 completed successfully
2025-07-30 15:33:17,300 - lightflow - INFO - Task task1 completed successfully
2025-07-30 15:33:17,300 - lightflow - INFO - Task task1 completed successfully
2025-07-30 15:33:17,300 - lightflow - INFO - Task task1 completed successfully
2025-07-30 15:33:17,449 - lightflow - INFO - Checkpoint saved: .lightflow-checkpoints\test_failing_workflow_20250730_153317_445480.json
2025-07-30 15:33:17,449 - lightflow - INFO - Checkpoint saved: .lightflow-checkpoints\test_failing_workflow_20250730_153317_445480.json
2025-07-30 15:33:17,449 - lightflow - INFO - Checkpoint saved: .lightflow-checkpoints\test_failing_workflow_20250730_153317_445480.json
2025-07-30 15:33:17,449 - lightflow - INFO - Checkpoint saved: .lightflow-checkpoints\test_failing_workflow_20250730_153317_445480.json
2025-07-30 15:33:17,449 - lightflow - INFO - Checkpoint saved: .lightflow-checkpoints\test_failing_workflow_20250730_153317_445480.json
2025-07-30 15:33:17,449 - lightflow - INFO - Checkpoint saved: .lightflow-checkpoints\test_failing_workflow_20250730_153317_445480.json
