2025-07-30 15:31:35,205 - lightflow - INFO - Checkpoint saved: C:\Users\shiva\AppData\Local\Temp\tmp9f8_nr0z\test_workflow_20250730_153135_198749.json
2025-07-30 15:31:35,355 - lightflow - INFO - Loaded checkpoint for workflow: test_workflow
2025-07-30 15:31:35,444 - lightflow - INFO - Checkpoint saved: C:\Users\shiva\AppData\Local\Temp\tmp5_jj2_b9\test_workflow_20250730_153135_437278.json
2025-07-30 15:31:35,444 - lightflow - INFO - Checkpoint saved: C:\Users\shiva\AppData\Local\Temp\tmp5_jj2_b9\test_workflow_20250730_153135_437278.json
2025-07-30 15:31:35,576 - lightflow - INFO - Loaded checkpoint for workflow: test_workflow
2025-07-30 15:31:35,576 - lightflow - INFO - Loaded checkpoint for workflow: test_workflow
2025-07-30 15:31:35,668 - lightflow - INFO - Loaded checkpoint for workflow: test_workflow
2025-07-30 15:31:35,668 - lightflow - INFO - Loaded checkpoint for workflow: test_workflow
2025-07-30 15:31:35,710 - lightflow - INFO - Checkpoint saved: C:\Users\shiva\AppData\Local\Temp\tmpxls2r8cw\test_workflow_20250730_153135_706890.json
2025-07-30 15:31:35,710 - lightflow - INFO - Checkpoint saved: C:\Users\shiva\AppData\Local\Temp\tmpxls2r8cw\test_workflow_20250730_153135_706890.json
2025-07-30 15:31:35,710 - lightflow - INFO - Checkpoint saved: C:\Users\shiva\AppData\Local\Temp\tmpxls2r8cw\test_workflow_20250730_153135_706890.json
2025-07-30 15:31:35,772 - lightflow - INFO - Checkpoint saved: C:\Users\shiva\AppData\Local\Temp\tmpxls2r8cw\test_workflow_20250730_153135_766172.json
2025-07-30 15:31:35,772 - lightflow - INFO - Checkpoint saved: C:\Users\shiva\AppData\Local\Temp\tmpxls2r8cw\test_workflow_20250730_153135_766172.json
2025-07-30 15:31:35,772 - lightflow - INFO - Checkpoint saved: C:\Users\shiva\AppData\Local\Temp\tmpxls2r8cw\test_workflow_20250730_153135_766172.json
2025-07-30 15:31:35,920 - lightflow - INFO - Loaded specific checkpoint: C:\Users\shiva\AppData\Local\Temp\tmpxls2r8cw\test_workflow_20250730_153135_706890.json
2025-07-30 15:31:35,920 - lightflow - INFO - Loaded specific checkpoint: C:\Users\shiva\AppData\Local\Temp\tmpxls2r8cw\test_workflow_20250730_153135_706890.json
2025-07-30 15:31:35,920 - lightflow - INFO - Loaded specific checkpoint: C:\Users\shiva\AppData\Local\Temp\tmpxls2r8cw\test_workflow_20250730_153135_706890.json
2025-07-30 15:31:36,057 - lightflow - INFO - Loaded specific checkpoint: C:\Users\shiva\AppData\Local\Temp\tmpxls2r8cw\test_workflow_20250730_153135_766172.json
2025-07-30 15:31:36,057 - lightflow - INFO - Loaded specific checkpoint: C:\Users\shiva\AppData\Local\Temp\tmpxls2r8cw\test_workflow_20250730_153135_766172.json
2025-07-30 15:31:36,057 - lightflow - INFO - Loaded specific checkpoint: C:\Users\shiva\AppData\Local\Temp\tmpxls2r8cw\test_workflow_20250730_153135_766172.json
2025-07-30 15:31:36,180 - lightflow - INFO - Checkpoint saved: C:\Users\shiva\AppData\Local\Temp\tmpxls2r8cw\test_workflow_20250730_153136_172713.json
2025-07-30 15:31:36,180 - lightflow - INFO - Checkpoint saved: C:\Users\shiva\AppData\Local\Temp\tmpxls2r8cw\test_workflow_20250730_153136_172713.json
2025-07-30 15:31:36,180 - lightflow - INFO - Checkpoint saved: C:\Users\shiva\AppData\Local\Temp\tmpxls2r8cw\test_workflow_20250730_153136_172713.json
2025-07-30 15:31:36,264 - lightflow - INFO - Loaded specific checkpoint: C:\Users\shiva\AppData\Local\Temp\tmpxls2r8cw\test_workflow_20250730_153136_172713.json
2025-07-30 15:31:36,264 - lightflow - INFO - Loaded specific checkpoint: C:\Users\shiva\AppData\Local\Temp\tmpxls2r8cw\test_workflow_20250730_153136_172713.json
2025-07-30 15:31:36,264 - lightflow - INFO - Loaded specific checkpoint: C:\Users\shiva\AppData\Local\Temp\tmpxls2r8cw\test_workflow_20250730_153136_172713.json
