2025-07-30 15:26:14,033 - lightflow - INFO - Checkpoint saved: C:\Users\shiva\AppData\Local\Temp\tmpwjurv_48\test_workflow_20250730_152614.json
2025-07-30 15:26:14,286 - lightflow - INFO - Loaded checkpoint for workflow: test_workflow
2025-07-30 15:26:14,428 - lightflow - INFO - Loaded checkpoint for workflow: test_workflow
2025-07-30 15:26:14,516 - lightflow - INFO - Checkpoint saved: C:\Users\shiva\AppData\Local\Temp\tmpkt1iahge\test_workflow_20250730_152614.json
2025-07-30 15:26:14,516 - lightflow - INFO - Checkpoint saved: C:\Users\shiva\AppData\Local\Temp\tmpkt1iahge\test_workflow_20250730_152614.json
2025-07-30 15:26:14,573 - lightflow - INFO - Loaded checkpoint for workflow: test_workflow
2025-07-30 15:26:14,573 - lightflow - INFO - Loaded checkpoint for workflow: test_workflow
2025-07-30 15:26:14,651 - lightflow - INFO - Checkpoint saved: C:\Users\shiva\AppData\Local\Temp\tmpyiwc_ctu\test_workflow_20250730_152614.json
2025-07-30 15:26:14,651 - lightflow - INFO - Checkpoint saved: C:\Users\shiva\AppData\Local\Temp\tmpyiwc_ctu\test_workflow_20250730_152614.json
2025-07-30 15:26:14,651 - lightflow - INFO - Checkpoint saved: C:\Users\shiva\AppData\Local\Temp\tmpyiwc_ctu\test_workflow_20250730_152614.json
2025-07-30 15:26:14,788 - lightflow - INFO - Loaded checkpoint for workflow: test_workflow
2025-07-30 15:26:14,788 - lightflow - INFO - Loaded checkpoint for workflow: test_workflow
2025-07-30 15:26:14,788 - lightflow - INFO - Loaded checkpoint for workflow: test_workflow
2025-07-30 15:26:14,875 - lightflow - INFO - Loaded checkpoint for workflow: test_workflow
2025-07-30 15:26:14,875 - lightflow - INFO - Loaded checkpoint for workflow: test_workflow
2025-07-30 15:26:14,875 - lightflow - INFO - Loaded checkpoint for workflow: test_workflow
2025-07-30 15:26:15,066 - lightflow - INFO - Checkpoint saved: C:\Users\shiva\AppData\Local\Temp\tmpvqamabv6\test_workflow_20250730_152615.json
2025-07-30 15:26:15,066 - lightflow - INFO - Checkpoint saved: C:\Users\shiva\AppData\Local\Temp\tmpvqamabv6\test_workflow_20250730_152615.json
2025-07-30 15:26:15,066 - lightflow - INFO - Checkpoint saved: C:\Users\shiva\AppData\Local\Temp\tmpvqamabv6\test_workflow_20250730_152615.json
2025-07-30 15:26:15,185 - lightflow - INFO - Checkpoint saved: C:\Users\shiva\AppData\Local\Temp\tmpvqamabv6\test_workflow_20250730_152615.json
2025-07-30 15:26:15,185 - lightflow - INFO - Checkpoint saved: C:\Users\shiva\AppData\Local\Temp\tmpvqamabv6\test_workflow_20250730_152615.json
2025-07-30 15:26:15,185 - lightflow - INFO - Checkpoint saved: C:\Users\shiva\AppData\Local\Temp\tmpvqamabv6\test_workflow_20250730_152615.json
2025-07-30 15:26:15,272 - lightflow - INFO - Loaded specific checkpoint: C:\Users\shiva\AppData\Local\Temp\tmpvqamabv6\test_workflow_20250730_152615.json
2025-07-30 15:26:15,272 - lightflow - INFO - Loaded specific checkpoint: C:\Users\shiva\AppData\Local\Temp\tmpvqamabv6\test_workflow_20250730_152615.json
2025-07-30 15:26:15,272 - lightflow - INFO - Loaded specific checkpoint: C:\Users\shiva\AppData\Local\Temp\tmpvqamabv6\test_workflow_20250730_152615.json
2025-07-30 15:26:15,353 - lightflow - INFO - Loaded specific checkpoint: C:\Users\shiva\AppData\Local\Temp\tmpvqamabv6\test_workflow_20250730_152615.json
2025-07-30 15:26:15,353 - lightflow - INFO - Loaded specific checkpoint: C:\Users\shiva\AppData\Local\Temp\tmpvqamabv6\test_workflow_20250730_152615.json
2025-07-30 15:26:15,353 - lightflow - INFO - Loaded specific checkpoint: C:\Users\shiva\AppData\Local\Temp\tmpvqamabv6\test_workflow_20250730_152615.json
2025-07-30 15:26:15,399 - lightflow - INFO - Checkpoint saved: C:\Users\shiva\AppData\Local\Temp\tmpvqamabv6\test_workflow_20250730_152615.json
2025-07-30 15:26:15,399 - lightflow - INFO - Checkpoint saved: C:\Users\shiva\AppData\Local\Temp\tmpvqamabv6\test_workflow_20250730_152615.json
2025-07-30 15:26:15,399 - lightflow - INFO - Checkpoint saved: C:\Users\shiva\AppData\Local\Temp\tmpvqamabv6\test_workflow_20250730_152615.json
2025-07-30 15:26:15,483 - lightflow - INFO - Loaded specific checkpoint: C:\Users\shiva\AppData\Local\Temp\tmpvqamabv6\test_workflow_20250730_152615.json
2025-07-30 15:26:15,483 - lightflow - INFO - Loaded specific checkpoint: C:\Users\shiva\AppData\Local\Temp\tmpvqamabv6\test_workflow_20250730_152615.json
2025-07-30 15:26:15,483 - lightflow - INFO - Loaded specific checkpoint: C:\Users\shiva\AppData\Local\Temp\tmpvqamabv6\test_workflow_20250730_152615.json
