2025-07-30 15:33:12,197 - lightflow - INFO - Checkpoint saved: C:\Users\shiva\AppData\Local\Temp\tmppqq2ew8y\test_workflow_20250730_153312_193330.json
2025-07-30 15:33:12,303 - lightflow - INFO - Checkpoint saved: C:\Users\shiva\AppData\Local\Temp\tmpye5itr00\test_workflow_20250730_153312_299689.json
2025-07-30 15:33:12,303 - lightflow - INFO - Checkpoint saved: C:\Users\shiva\AppData\Local\Temp\tmpye5itr00\test_workflow_20250730_153312_299689.json
2025-07-30 15:33:12,363 - lightflow - INFO - Loaded checkpoint for workflow: test_workflow
2025-07-30 15:33:12,363 - lightflow - INFO - Loaded checkpoint for workflow: test_workflow
2025-07-30 15:33:12,401 - lightflow - INFO - Loaded checkpoint for workflow: test_workflow
2025-07-30 15:33:12,401 - lightflow - INFO - Loaded checkpoint for workflow: test_workflow
2025-07-30 15:33:12,461 - lightflow - INFO - Checkpoint saved: C:\Users\shiva\AppData\Local\Temp\tmp_j0zomdc\test_workflow_20250730_153312_458299.json
2025-07-30 15:33:12,461 - lightflow - INFO - Checkpoint saved: C:\Users\shiva\AppData\Local\Temp\tmp_j0zomdc\test_workflow_20250730_153312_458299.json
2025-07-30 15:33:12,461 - lightflow - INFO - Checkpoint saved: C:\Users\shiva\AppData\Local\Temp\tmp_j0zomdc\test_workflow_20250730_153312_458299.json
2025-07-30 15:33:12,582 - lightflow - INFO - Loaded checkpoint for workflow: test_workflow
2025-07-30 15:33:12,582 - lightflow - INFO - Loaded checkpoint for workflow: test_workflow
2025-07-30 15:33:12,582 - lightflow - INFO - Loaded checkpoint for workflow: test_workflow
2025-07-30 15:33:12,663 - lightflow - INFO - Checkpoint saved: C:\Users\shiva\AppData\Local\Temp\tmpjranqbai\test_workflow_20250730_153312_657658.json
2025-07-30 15:33:12,663 - lightflow - INFO - Checkpoint saved: C:\Users\shiva\AppData\Local\Temp\tmpjranqbai\test_workflow_20250730_153312_657658.json
2025-07-30 15:33:12,663 - lightflow - INFO - Checkpoint saved: C:\Users\shiva\AppData\Local\Temp\tmpjranqbai\test_workflow_20250730_153312_657658.json
2025-07-30 15:33:12,663 - lightflow - INFO - Checkpoint saved: C:\Users\shiva\AppData\Local\Temp\tmpjranqbai\test_workflow_20250730_153312_657658.json
2025-07-30 15:33:12,775 - lightflow - INFO - Loaded checkpoint for workflow: test_workflow
2025-07-30 15:33:12,775 - lightflow - INFO - Loaded checkpoint for workflow: test_workflow
2025-07-30 15:33:12,775 - lightflow - INFO - Loaded checkpoint for workflow: test_workflow
2025-07-30 15:33:12,775 - lightflow - INFO - Loaded checkpoint for workflow: test_workflow
2025-07-30 15:33:12,873 - lightflow - INFO - Loaded checkpoint for workflow: test_workflow
2025-07-30 15:33:12,873 - lightflow - INFO - Loaded checkpoint for workflow: test_workflow
2025-07-30 15:33:12,873 - lightflow - INFO - Loaded checkpoint for workflow: test_workflow
2025-07-30 15:33:12,873 - lightflow - INFO - Loaded checkpoint for workflow: test_workflow
2025-07-30 15:33:12,960 - lightflow - INFO - Checkpoint saved: C:\Users\shiva\AppData\Local\Temp\tmp0u2byig6\test_workflow_20250730_153312_952928.json
2025-07-30 15:33:12,960 - lightflow - INFO - Checkpoint saved: C:\Users\shiva\AppData\Local\Temp\tmp0u2byig6\test_workflow_20250730_153312_952928.json
2025-07-30 15:33:12,960 - lightflow - INFO - Checkpoint saved: C:\Users\shiva\AppData\Local\Temp\tmp0u2byig6\test_workflow_20250730_153312_952928.json
2025-07-30 15:33:12,960 - lightflow - INFO - Checkpoint saved: C:\Users\shiva\AppData\Local\Temp\tmp0u2byig6\test_workflow_20250730_153312_952928.json
2025-07-30 15:33:12,960 - lightflow - INFO - Checkpoint saved: C:\Users\shiva\AppData\Local\Temp\tmp0u2byig6\test_workflow_20250730_153312_952928.json
2025-07-30 15:33:13,056 - lightflow - INFO - Checkpoint saved: C:\Users\shiva\AppData\Local\Temp\tmp0u2byig6\test_workflow_20250730_153313_050166.json
2025-07-30 15:33:13,056 - lightflow - INFO - Checkpoint saved: C:\Users\shiva\AppData\Local\Temp\tmp0u2byig6\test_workflow_20250730_153313_050166.json
2025-07-30 15:33:13,056 - lightflow - INFO - Checkpoint saved: C:\Users\shiva\AppData\Local\Temp\tmp0u2byig6\test_workflow_20250730_153313_050166.json
2025-07-30 15:33:13,056 - lightflow - INFO - Checkpoint saved: C:\Users\shiva\AppData\Local\Temp\tmp0u2byig6\test_workflow_20250730_153313_050166.json
2025-07-30 15:33:13,056 - lightflow - INFO - Checkpoint saved: C:\Users\shiva\AppData\Local\Temp\tmp0u2byig6\test_workflow_20250730_153313_050166.json
2025-07-30 15:33:13,158 - lightflow - INFO - Loaded specific checkpoint: C:\Users\shiva\AppData\Local\Temp\tmp0u2byig6\test_workflow_20250730_153312_952928.json
2025-07-30 15:33:13,158 - lightflow - INFO - Loaded specific checkpoint: C:\Users\shiva\AppData\Local\Temp\tmp0u2byig6\test_workflow_20250730_153312_952928.json
2025-07-30 15:33:13,158 - lightflow - INFO - Loaded specific checkpoint: C:\Users\shiva\AppData\Local\Temp\tmp0u2byig6\test_workflow_20250730_153312_952928.json
2025-07-30 15:33:13,158 - lightflow - INFO - Loaded specific checkpoint: C:\Users\shiva\AppData\Local\Temp\tmp0u2byig6\test_workflow_20250730_153312_952928.json
2025-07-30 15:33:13,158 - lightflow - INFO - Loaded specific checkpoint: C:\Users\shiva\AppData\Local\Temp\tmp0u2byig6\test_workflow_20250730_153312_952928.json
2025-07-30 15:33:13,255 - lightflow - INFO - Loaded specific checkpoint: C:\Users\shiva\AppData\Local\Temp\tmp0u2byig6\test_workflow_20250730_153313_050166.json
2025-07-30 15:33:13,255 - lightflow - INFO - Loaded specific checkpoint: C:\Users\shiva\AppData\Local\Temp\tmp0u2byig6\test_workflow_20250730_153313_050166.json
2025-07-30 15:33:13,255 - lightflow - INFO - Loaded specific checkpoint: C:\Users\shiva\AppData\Local\Temp\tmp0u2byig6\test_workflow_20250730_153313_050166.json
2025-07-30 15:33:13,255 - lightflow - INFO - Loaded specific checkpoint: C:\Users\shiva\AppData\Local\Temp\tmp0u2byig6\test_workflow_20250730_153313_050166.json
2025-07-30 15:33:13,255 - lightflow - INFO - Loaded specific checkpoint: C:\Users\shiva\AppData\Local\Temp\tmp0u2byig6\test_workflow_20250730_153313_050166.json
2025-07-30 15:33:13,337 - lightflow - INFO - Checkpoint saved: C:\Users\shiva\AppData\Local\Temp\tmp0u2byig6\test_workflow_20250730_153313_332730.json
2025-07-30 15:33:13,337 - lightflow - INFO - Checkpoint saved: C:\Users\shiva\AppData\Local\Temp\tmp0u2byig6\test_workflow_20250730_153313_332730.json
2025-07-30 15:33:13,337 - lightflow - INFO - Checkpoint saved: C:\Users\shiva\AppData\Local\Temp\tmp0u2byig6\test_workflow_20250730_153313_332730.json
2025-07-30 15:33:13,337 - lightflow - INFO - Checkpoint saved: C:\Users\shiva\AppData\Local\Temp\tmp0u2byig6\test_workflow_20250730_153313_332730.json
2025-07-30 15:33:13,337 - lightflow - INFO - Checkpoint saved: C:\Users\shiva\AppData\Local\Temp\tmp0u2byig6\test_workflow_20250730_153313_332730.json
2025-07-30 15:33:13,441 - lightflow - INFO - Loaded specific checkpoint: C:\Users\shiva\AppData\Local\Temp\tmp0u2byig6\test_workflow_20250730_153313_332730.json
2025-07-30 15:33:13,441 - lightflow - INFO - Loaded specific checkpoint: C:\Users\shiva\AppData\Local\Temp\tmp0u2byig6\test_workflow_20250730_153313_332730.json
2025-07-30 15:33:13,441 - lightflow - INFO - Loaded specific checkpoint: C:\Users\shiva\AppData\Local\Temp\tmp0u2byig6\test_workflow_20250730_153313_332730.json
2025-07-30 15:33:13,441 - lightflow - INFO - Loaded specific checkpoint: C:\Users\shiva\AppData\Local\Temp\tmp0u2byig6\test_workflow_20250730_153313_332730.json
2025-07-30 15:33:13,441 - lightflow - INFO - Loaded specific checkpoint: C:\Users\shiva\AppData\Local\Temp\tmp0u2byig6\test_workflow_20250730_153313_332730.json
2025-07-30 15:33:13,918 - lightflow - INFO - No checkpoint found for workflow: test_workflow
2025-07-30 15:33:13,918 - lightflow - INFO - No checkpoint found for workflow: test_workflow
2025-07-30 15:33:13,918 - lightflow - INFO - No checkpoint found for workflow: test_workflow
2025-07-30 15:33:13,918 - lightflow - INFO - No checkpoint found for workflow: test_workflow
2025-07-30 15:33:13,918 - lightflow - INFO - No checkpoint found for workflow: test_workflow
2025-07-30 15:33:14,123 - lightflow - INFO - Starting workflow execution with 2 tasks
2025-07-30 15:33:14,123 - lightflow - INFO - Starting workflow execution with 2 tasks
2025-07-30 15:33:14,123 - lightflow - INFO - Starting workflow execution with 2 tasks
2025-07-30 15:33:14,123 - lightflow - INFO - Starting workflow execution with 2 tasks
2025-07-30 15:33:14,123 - lightflow - INFO - Starting workflow execution with 2 tasks
2025-07-30 15:33:14,316 - lightflow - INFO - Execution mode: thread
2025-07-30 15:33:14,316 - lightflow - INFO - Execution mode: thread
2025-07-30 15:33:14,316 - lightflow - INFO - Execution mode: thread
2025-07-30 15:33:14,316 - lightflow - INFO - Execution mode: thread
2025-07-30 15:33:14,316 - lightflow - INFO - Execution mode: thread
2025-07-30 15:33:14,438 - lightflow - INFO - Max parallel tasks: 2
2025-07-30 15:33:14,438 - lightflow - INFO - Max parallel tasks: 2
2025-07-30 15:33:14,438 - lightflow - INFO - Max parallel tasks: 2
2025-07-30 15:33:14,438 - lightflow - INFO - Max parallel tasks: 2
2025-07-30 15:33:14,438 - lightflow - INFO - Max parallel tasks: 2
2025-07-30 15:33:14,553 - lightflow - INFO - Executing batch: ['task1']
2025-07-30 15:33:14,553 - lightflow - INFO - Executing batch: ['task1']
2025-07-30 15:33:14,553 - lightflow - INFO - Executing batch: ['task1']
2025-07-30 15:33:14,553 - lightflow - INFO - Executing batch: ['task1']
2025-07-30 15:33:14,553 - lightflow - INFO - Executing batch: ['task1']
2025-07-30 15:33:14,840 - lightflow - INFO - Task task1 completed successfully
2025-07-30 15:33:14,840 - lightflow - INFO - Task task1 completed successfully
2025-07-30 15:33:14,840 - lightflow - INFO - Task task1 completed successfully
2025-07-30 15:33:14,840 - lightflow - INFO - Task task1 completed successfully
2025-07-30 15:33:14,840 - lightflow - INFO - Task task1 completed successfully
2025-07-30 15:33:14,970 - lightflow - INFO - Executing batch: ['task2']
2025-07-30 15:33:14,970 - lightflow - INFO - Executing batch: ['task2']
2025-07-30 15:33:14,970 - lightflow - INFO - Executing batch: ['task2']
2025-07-30 15:33:14,970 - lightflow - INFO - Executing batch: ['task2']
2025-07-30 15:33:14,970 - lightflow - INFO - Executing batch: ['task2']
2025-07-30 15:33:15,303 - lightflow - INFO - Task task2 completed successfully
2025-07-30 15:33:15,303 - lightflow - INFO - Task task2 completed successfully
2025-07-30 15:33:15,303 - lightflow - INFO - Task task2 completed successfully
2025-07-30 15:33:15,303 - lightflow - INFO - Task task2 completed successfully
2025-07-30 15:33:15,303 - lightflow - INFO - Task task2 completed successfully
2025-07-30 15:33:15,451 - lightflow - INFO - Checkpoint saved: .lightflow-checkpoints\test_workflow_20250730_153315_443712.json
2025-07-30 15:33:15,451 - lightflow - INFO - Checkpoint saved: .lightflow-checkpoints\test_workflow_20250730_153315_443712.json
2025-07-30 15:33:15,451 - lightflow - INFO - Checkpoint saved: .lightflow-checkpoints\test_workflow_20250730_153315_443712.json
2025-07-30 15:33:15,451 - lightflow - INFO - Checkpoint saved: .lightflow-checkpoints\test_workflow_20250730_153315_443712.json
2025-07-30 15:33:15,451 - lightflow - INFO - Checkpoint saved: .lightflow-checkpoints\test_workflow_20250730_153315_443712.json
2025-07-30 15:33:15,616 - lightflow - INFO - No checkpoint found for workflow: test_python_workflow
2025-07-30 15:33:15,616 - lightflow - INFO - No checkpoint found for workflow: test_python_workflow
2025-07-30 15:33:15,616 - lightflow - INFO - No checkpoint found for workflow: test_python_workflow
2025-07-30 15:33:15,616 - lightflow - INFO - No checkpoint found for workflow: test_python_workflow
2025-07-30 15:33:15,616 - lightflow - INFO - No checkpoint found for workflow: test_python_workflow
2025-07-30 15:33:15,759 - lightflow - INFO - Starting workflow execution with 1 tasks
2025-07-30 15:33:15,759 - lightflow - INFO - Starting workflow execution with 1 tasks
2025-07-30 15:33:15,759 - lightflow - INFO - Starting workflow execution with 1 tasks
2025-07-30 15:33:15,759 - lightflow - INFO - Starting workflow execution with 1 tasks
2025-07-30 15:33:15,759 - lightflow - INFO - Starting workflow execution with 1 tasks
2025-07-30 15:33:15,912 - lightflow - INFO - Execution mode: thread
2025-07-30 15:33:15,912 - lightflow - INFO - Execution mode: thread
2025-07-30 15:33:15,912 - lightflow - INFO - Execution mode: thread
2025-07-30 15:33:15,912 - lightflow - INFO - Execution mode: thread
2025-07-30 15:33:15,912 - lightflow - INFO - Execution mode: thread
2025-07-30 15:33:16,022 - lightflow - INFO - Max parallel tasks: 2
2025-07-30 15:33:16,022 - lightflow - INFO - Max parallel tasks: 2
2025-07-30 15:33:16,022 - lightflow - INFO - Max parallel tasks: 2
2025-07-30 15:33:16,022 - lightflow - INFO - Max parallel tasks: 2
2025-07-30 15:33:16,022 - lightflow - INFO - Max parallel tasks: 2
2025-07-30 15:33:16,169 - lightflow - INFO - Executing batch: ['task1']
2025-07-30 15:33:16,169 - lightflow - INFO - Executing batch: ['task1']
2025-07-30 15:33:16,169 - lightflow - INFO - Executing batch: ['task1']
2025-07-30 15:33:16,169 - lightflow - INFO - Executing batch: ['task1']
2025-07-30 15:33:16,169 - lightflow - INFO - Executing batch: ['task1']
2025-07-30 15:33:16,387 - lightflow - INFO - Task task1 completed successfully
2025-07-30 15:33:16,387 - lightflow - INFO - Task task1 completed successfully
2025-07-30 15:33:16,387 - lightflow - INFO - Task task1 completed successfully
2025-07-30 15:33:16,387 - lightflow - INFO - Task task1 completed successfully
2025-07-30 15:33:16,387 - lightflow - INFO - Task task1 completed successfully
2025-07-30 15:33:16,494 - lightflow - INFO - Checkpoint saved: .lightflow-checkpoints\test_python_workflow_20250730_153316_493054.json
2025-07-30 15:33:16,494 - lightflow - INFO - Checkpoint saved: .lightflow-checkpoints\test_python_workflow_20250730_153316_493054.json
2025-07-30 15:33:16,494 - lightflow - INFO - Checkpoint saved: .lightflow-checkpoints\test_python_workflow_20250730_153316_493054.json
2025-07-30 15:33:16,494 - lightflow - INFO - Checkpoint saved: .lightflow-checkpoints\test_python_workflow_20250730_153316_493054.json
2025-07-30 15:33:16,494 - lightflow - INFO - Checkpoint saved: .lightflow-checkpoints\test_python_workflow_20250730_153316_493054.json
2025-07-30 15:33:16,600 - lightflow - INFO - No checkpoint found for workflow: test_failing_workflow
2025-07-30 15:33:16,600 - lightflow - INFO - No checkpoint found for workflow: test_failing_workflow
2025-07-30 15:33:16,600 - lightflow - INFO - No checkpoint found for workflow: test_failing_workflow
2025-07-30 15:33:16,600 - lightflow - INFO - No checkpoint found for workflow: test_failing_workflow
2025-07-30 15:33:16,600 - lightflow - INFO - No checkpoint found for workflow: test_failing_workflow
2025-07-30 15:33:16,758 - lightflow - INFO - Starting workflow execution with 1 tasks
2025-07-30 15:33:16,758 - lightflow - INFO - Starting workflow execution with 1 tasks
2025-07-30 15:33:16,758 - lightflow - INFO - Starting workflow execution with 1 tasks
2025-07-30 15:33:16,758 - lightflow - INFO - Starting workflow execution with 1 tasks
2025-07-30 15:33:16,758 - lightflow - INFO - Starting workflow execution with 1 tasks
2025-07-30 15:33:16,871 - lightflow - INFO - Execution mode: thread
2025-07-30 15:33:16,871 - lightflow - INFO - Execution mode: thread
2025-07-30 15:33:16,871 - lightflow - INFO - Execution mode: thread
2025-07-30 15:33:16,871 - lightflow - INFO - Execution mode: thread
2025-07-30 15:33:16,871 - lightflow - INFO - Execution mode: thread
2025-07-30 15:33:16,987 - lightflow - INFO - Max parallel tasks: 2
2025-07-30 15:33:16,987 - lightflow - INFO - Max parallel tasks: 2
2025-07-30 15:33:16,987 - lightflow - INFO - Max parallel tasks: 2
2025-07-30 15:33:16,987 - lightflow - INFO - Max parallel tasks: 2
2025-07-30 15:33:16,987 - lightflow - INFO - Max parallel tasks: 2
2025-07-30 15:33:17,112 - lightflow - INFO - Executing batch: ['task1']
2025-07-30 15:33:17,112 - lightflow - INFO - Executing batch: ['task1']
2025-07-30 15:33:17,112 - lightflow - INFO - Executing batch: ['task1']
2025-07-30 15:33:17,112 - lightflow - INFO - Executing batch: ['task1']
2025-07-30 15:33:17,112 - lightflow - INFO - Executing batch: ['task1']
2025-07-30 15:33:17,300 - lightflow - INFO - Task task1 completed successfully
2025-07-30 15:33:17,300 - lightflow - INFO - Task task1 completed successfully
2025-07-30 15:33:17,300 - lightflow - INFO - Task task1 completed successfully
2025-07-30 15:33:17,300 - lightflow - INFO - Task task1 completed successfully
2025-07-30 15:33:17,300 - lightflow - INFO - Task task1 completed successfully
2025-07-30 15:33:17,449 - lightflow - INFO - Checkpoint saved: .lightflow-checkpoints\test_failing_workflow_20250730_153317_445480.json
2025-07-30 15:33:17,449 - lightflow - INFO - Checkpoint saved: .lightflow-checkpoints\test_failing_workflow_20250730_153317_445480.json
2025-07-30 15:33:17,449 - lightflow - INFO - Checkpoint saved: .lightflow-checkpoints\test_failing_workflow_20250730_153317_445480.json
2025-07-30 15:33:17,449 - lightflow - INFO - Checkpoint saved: .lightflow-checkpoints\test_failing_workflow_20250730_153317_445480.json
2025-07-30 15:33:17,449 - lightflow - INFO - Checkpoint saved: .lightflow-checkpoints\test_failing_workflow_20250730_153317_445480.json
