2025-07-30 15:26:13,345 - lightflow - INFO - Checkpoint saved: C:\Users\shiva\AppData\Local\Temp\tmp2gfi2j7k\test_workflow_20250730_152613.json
2025-07-30 15:26:13,451 - lightflow - INFO - Loaded checkpoint for workflow: test_workflow
2025-07-30 15:26:13,468 - lightflow - INFO - No checkpoint found for workflow: nonexistent
2025-07-30 15:26:13,468 - lightflow - INFO - No checkpoint found for workflow: nonexistent
2025-07-30 15:26:13,571 - lightflow - INFO - Checkpoint saved: C:\Users\shiva\AppData\Local\Temp\tmpg48hf1ql\test_workflow_20250730_152613.json
2025-07-30 15:26:13,571 - lightflow - INFO - Checkpoint saved: C:\Users\shiva\AppData\Local\Temp\tmpg48hf1ql\test_workflow_20250730_152613.json
2025-07-30 15:26:13,571 - lightflow - INFO - Checkpoint saved: C:\Users\shiva\AppData\Local\Temp\tmpg48hf1ql\test_workflow_20250730_152613.json
2025-07-30 15:26:13,613 - lightflow - INFO - Loaded specific checkpoint: C:\Users\shiva\AppData\Local\Temp\tmpg48hf1ql\test_workflow_20250730_152613.json
2025-07-30 15:26:13,613 - lightflow - INFO - Loaded specific checkpoint: C:\Users\shiva\AppData\Local\Temp\tmpg48hf1ql\test_workflow_20250730_152613.json
2025-07-30 15:26:13,613 - lightflow - INFO - Loaded specific checkpoint: C:\Users\shiva\AppData\Local\Temp\tmpg48hf1ql\test_workflow_20250730_152613.json
2025-07-30 15:26:13,708 - lightflow - INFO - Checkpoint saved: C:\Users\shiva\AppData\Local\Temp\tmpsvbgvg2n\test_workflow_20250730_152613.json
2025-07-30 15:26:13,708 - lightflow - INFO - Checkpoint saved: C:\Users\shiva\AppData\Local\Temp\tmpsvbgvg2n\test_workflow_20250730_152613.json
2025-07-30 15:26:13,708 - lightflow - INFO - Checkpoint saved: C:\Users\shiva\AppData\Local\Temp\tmpsvbgvg2n\test_workflow_20250730_152613.json
2025-07-30 15:26:13,708 - lightflow - INFO - Checkpoint saved: C:\Users\shiva\AppData\Local\Temp\tmpsvbgvg2n\test_workflow_20250730_152613.json
2025-07-30 15:26:13,723 - lightflow - INFO - Checkpoint saved: C:\Users\shiva\AppData\Local\Temp\tmpsvbgvg2n\test_workflow_20250730_152613.json
2025-07-30 15:26:13,723 - lightflow - INFO - Checkpoint saved: C:\Users\shiva\AppData\Local\Temp\tmpsvbgvg2n\test_workflow_20250730_152613.json
2025-07-30 15:26:13,723 - lightflow - INFO - Checkpoint saved: C:\Users\shiva\AppData\Local\Temp\tmpsvbgvg2n\test_workflow_20250730_152613.json
2025-07-30 15:26:13,723 - lightflow - INFO - Checkpoint saved: C:\Users\shiva\AppData\Local\Temp\tmpsvbgvg2n\test_workflow_20250730_152613.json
2025-07-30 15:26:13,757 - lightflow - INFO - Checkpoint saved: C:\Users\shiva\AppData\Local\Temp\tmp7mdmqp14\test_workflow_20250730_152613.json
2025-07-30 15:26:13,757 - lightflow - INFO - Checkpoint saved: C:\Users\shiva\AppData\Local\Temp\tmp7mdmqp14\test_workflow_20250730_152613.json
2025-07-30 15:26:13,757 - lightflow - INFO - Checkpoint saved: C:\Users\shiva\AppData\Local\Temp\tmp7mdmqp14\test_workflow_20250730_152613.json
2025-07-30 15:26:13,757 - lightflow - INFO - Checkpoint saved: C:\Users\shiva\AppData\Local\Temp\tmp7mdmqp14\test_workflow_20250730_152613.json
2025-07-30 15:26:13,757 - lightflow - INFO - Checkpoint saved: C:\Users\shiva\AppData\Local\Temp\tmp7mdmqp14\test_workflow_20250730_152613.json
2025-07-30 15:26:13,773 - lightflow - INFO - Deleted checkpoint: C:\Users\shiva\AppData\Local\Temp\tmp7mdmqp14\test_workflow_20250730_152613.json
2025-07-30 15:26:13,773 - lightflow - INFO - Deleted checkpoint: C:\Users\shiva\AppData\Local\Temp\tmp7mdmqp14\test_workflow_20250730_152613.json
2025-07-30 15:26:13,773 - lightflow - INFO - Deleted checkpoint: C:\Users\shiva\AppData\Local\Temp\tmp7mdmqp14\test_workflow_20250730_152613.json
2025-07-30 15:26:13,773 - lightflow - INFO - Deleted checkpoint: C:\Users\shiva\AppData\Local\Temp\tmp7mdmqp14\test_workflow_20250730_152613.json
2025-07-30 15:26:13,773 - lightflow - INFO - Deleted checkpoint: C:\Users\shiva\AppData\Local\Temp\tmp7mdmqp14\test_workflow_20250730_152613.json
2025-07-30 15:26:13,805 - lightflow - INFO - Checkpoint saved: C:\Users\shiva\AppData\Local\Temp\tmpdby3cij_\test_workflow_20250730_152613.json
2025-07-30 15:26:13,805 - lightflow - INFO - Checkpoint saved: C:\Users\shiva\AppData\Local\Temp\tmpdby3cij_\test_workflow_20250730_152613.json
2025-07-30 15:26:13,805 - lightflow - INFO - Checkpoint saved: C:\Users\shiva\AppData\Local\Temp\tmpdby3cij_\test_workflow_20250730_152613.json
2025-07-30 15:26:13,805 - lightflow - INFO - Checkpoint saved: C:\Users\shiva\AppData\Local\Temp\tmpdby3cij_\test_workflow_20250730_152613.json
2025-07-30 15:26:13,805 - lightflow - INFO - Checkpoint saved: C:\Users\shiva\AppData\Local\Temp\tmpdby3cij_\test_workflow_20250730_152613.json
2025-07-30 15:26:13,805 - lightflow - INFO - Checkpoint saved: C:\Users\shiva\AppData\Local\Temp\tmpdby3cij_\test_workflow_20250730_152613.json
2025-07-30 15:26:13,835 - lightflow - INFO - Checkpoint saved: C:\Users\shiva\AppData\Local\Temp\tmpdby3cij_\other_workflow_20250730_152613.json
2025-07-30 15:26:13,835 - lightflow - INFO - Checkpoint saved: C:\Users\shiva\AppData\Local\Temp\tmpdby3cij_\other_workflow_20250730_152613.json
2025-07-30 15:26:13,835 - lightflow - INFO - Checkpoint saved: C:\Users\shiva\AppData\Local\Temp\tmpdby3cij_\other_workflow_20250730_152613.json
2025-07-30 15:26:13,835 - lightflow - INFO - Checkpoint saved: C:\Users\shiva\AppData\Local\Temp\tmpdby3cij_\other_workflow_20250730_152613.json
2025-07-30 15:26:13,835 - lightflow - INFO - Checkpoint saved: C:\Users\shiva\AppData\Local\Temp\tmpdby3cij_\other_workflow_20250730_152613.json
2025-07-30 15:26:13,835 - lightflow - INFO - Checkpoint saved: C:\Users\shiva\AppData\Local\Temp\tmpdby3cij_\other_workflow_20250730_152613.json
2025-07-30 15:26:13,855 - lightflow - INFO - Deleted checkpoint: C:\Users\shiva\AppData\Local\Temp\tmpdby3cij_\test_workflow_20250730_152613.json
2025-07-30 15:26:13,855 - lightflow - INFO - Deleted checkpoint: C:\Users\shiva\AppData\Local\Temp\tmpdby3cij_\test_workflow_20250730_152613.json
2025-07-30 15:26:13,855 - lightflow - INFO - Deleted checkpoint: C:\Users\shiva\AppData\Local\Temp\tmpdby3cij_\test_workflow_20250730_152613.json
2025-07-30 15:26:13,855 - lightflow - INFO - Deleted checkpoint: C:\Users\shiva\AppData\Local\Temp\tmpdby3cij_\test_workflow_20250730_152613.json
2025-07-30 15:26:13,855 - lightflow - INFO - Deleted checkpoint: C:\Users\shiva\AppData\Local\Temp\tmpdby3cij_\test_workflow_20250730_152613.json
2025-07-30 15:26:13,855 - lightflow - INFO - Deleted checkpoint: C:\Users\shiva\AppData\Local\Temp\tmpdby3cij_\test_workflow_20250730_152613.json
2025-07-30 15:26:13,866 - lightflow - INFO - Deleted checkpoint: C:\Users\shiva\AppData\Local\Temp\tmpdby3cij_\test_workflow_latest.json
2025-07-30 15:26:13,866 - lightflow - INFO - Deleted checkpoint: C:\Users\shiva\AppData\Local\Temp\tmpdby3cij_\test_workflow_latest.json
2025-07-30 15:26:13,866 - lightflow - INFO - Deleted checkpoint: C:\Users\shiva\AppData\Local\Temp\tmpdby3cij_\test_workflow_latest.json
2025-07-30 15:26:13,866 - lightflow - INFO - Deleted checkpoint: C:\Users\shiva\AppData\Local\Temp\tmpdby3cij_\test_workflow_latest.json
2025-07-30 15:26:13,866 - lightflow - INFO - Deleted checkpoint: C:\Users\shiva\AppData\Local\Temp\tmpdby3cij_\test_workflow_latest.json
2025-07-30 15:26:13,866 - lightflow - INFO - Deleted checkpoint: C:\Users\shiva\AppData\Local\Temp\tmpdby3cij_\test_workflow_latest.json
2025-07-30 15:26:13,874 - lightflow - INFO - Cleared 2 checkpoints
2025-07-30 15:26:13,874 - lightflow - INFO - Cleared 2 checkpoints
2025-07-30 15:26:13,874 - lightflow - INFO - Cleared 2 checkpoints
2025-07-30 15:26:13,874 - lightflow - INFO - Cleared 2 checkpoints
2025-07-30 15:26:13,874 - lightflow - INFO - Cleared 2 checkpoints
2025-07-30 15:26:13,874 - lightflow - INFO - Cleared 2 checkpoints
2025-07-30 15:26:13,895 - lightflow - INFO - Deleted checkpoint: C:\Users\shiva\AppData\Local\Temp\tmpdby3cij_\other_workflow_20250730_152613.json
2025-07-30 15:26:13,895 - lightflow - INFO - Deleted checkpoint: C:\Users\shiva\AppData\Local\Temp\tmpdby3cij_\other_workflow_20250730_152613.json
2025-07-30 15:26:13,895 - lightflow - INFO - Deleted checkpoint: C:\Users\shiva\AppData\Local\Temp\tmpdby3cij_\other_workflow_20250730_152613.json
2025-07-30 15:26:13,895 - lightflow - INFO - Deleted checkpoint: C:\Users\shiva\AppData\Local\Temp\tmpdby3cij_\other_workflow_20250730_152613.json
2025-07-30 15:26:13,895 - lightflow - INFO - Deleted checkpoint: C:\Users\shiva\AppData\Local\Temp\tmpdby3cij_\other_workflow_20250730_152613.json
2025-07-30 15:26:13,895 - lightflow - INFO - Deleted checkpoint: C:\Users\shiva\AppData\Local\Temp\tmpdby3cij_\other_workflow_20250730_152613.json
2025-07-30 15:26:13,916 - lightflow - INFO - Deleted checkpoint: C:\Users\shiva\AppData\Local\Temp\tmpdby3cij_\other_workflow_latest.json
2025-07-30 15:26:13,916 - lightflow - INFO - Deleted checkpoint: C:\Users\shiva\AppData\Local\Temp\tmpdby3cij_\other_workflow_latest.json
2025-07-30 15:26:13,916 - lightflow - INFO - Deleted checkpoint: C:\Users\shiva\AppData\Local\Temp\tmpdby3cij_\other_workflow_latest.json
2025-07-30 15:26:13,916 - lightflow - INFO - Deleted checkpoint: C:\Users\shiva\AppData\Local\Temp\tmpdby3cij_\other_workflow_latest.json
2025-07-30 15:26:13,916 - lightflow - INFO - Deleted checkpoint: C:\Users\shiva\AppData\Local\Temp\tmpdby3cij_\other_workflow_latest.json
2025-07-30 15:26:13,916 - lightflow - INFO - Deleted checkpoint: C:\Users\shiva\AppData\Local\Temp\tmpdby3cij_\other_workflow_latest.json
2025-07-30 15:26:13,932 - lightflow - INFO - Cleared 2 checkpoints
2025-07-30 15:26:13,932 - lightflow - INFO - Cleared 2 checkpoints
2025-07-30 15:26:13,932 - lightflow - INFO - Cleared 2 checkpoints
2025-07-30 15:26:13,932 - lightflow - INFO - Cleared 2 checkpoints
2025-07-30 15:26:13,932 - lightflow - INFO - Cleared 2 checkpoints
2025-07-30 15:26:13,932 - lightflow - INFO - Cleared 2 checkpoints
2025-07-30 15:26:13,956 - lightflow - INFO - Checkpoint saved: C:\Users\shiva\AppData\Local\Temp\tmpnzxfqyff\test_workflow_20250730_152613.json
2025-07-30 15:26:13,956 - lightflow - INFO - Checkpoint saved: C:\Users\shiva\AppData\Local\Temp\tmpnzxfqyff\test_workflow_20250730_152613.json
2025-07-30 15:26:13,956 - lightflow - INFO - Checkpoint saved: C:\Users\shiva\AppData\Local\Temp\tmpnzxfqyff\test_workflow_20250730_152613.json
2025-07-30 15:26:13,956 - lightflow - INFO - Checkpoint saved: C:\Users\shiva\AppData\Local\Temp\tmpnzxfqyff\test_workflow_20250730_152613.json
2025-07-30 15:26:13,956 - lightflow - INFO - Checkpoint saved: C:\Users\shiva\AppData\Local\Temp\tmpnzxfqyff\test_workflow_20250730_152613.json
2025-07-30 15:26:13,956 - lightflow - INFO - Checkpoint saved: C:\Users\shiva\AppData\Local\Temp\tmpnzxfqyff\test_workflow_20250730_152613.json
2025-07-30 15:26:13,956 - lightflow - INFO - Checkpoint saved: C:\Users\shiva\AppData\Local\Temp\tmpnzxfqyff\test_workflow_20250730_152613.json
2025-07-30 15:26:14,033 - lightflow - INFO - Checkpoint saved: C:\Users\shiva\AppData\Local\Temp\tmpwjurv_48\test_workflow_20250730_152614.json
2025-07-30 15:26:14,033 - lightflow - INFO - Checkpoint saved: C:\Users\shiva\AppData\Local\Temp\tmpwjurv_48\test_workflow_20250730_152614.json
2025-07-30 15:26:14,033 - lightflow - INFO - Checkpoint saved: C:\Users\shiva\AppData\Local\Temp\tmpwjurv_48\test_workflow_20250730_152614.json
2025-07-30 15:26:14,033 - lightflow - INFO - Checkpoint saved: C:\Users\shiva\AppData\Local\Temp\tmpwjurv_48\test_workflow_20250730_152614.json
2025-07-30 15:26:14,033 - lightflow - INFO - Checkpoint saved: C:\Users\shiva\AppData\Local\Temp\tmpwjurv_48\test_workflow_20250730_152614.json
2025-07-30 15:26:14,033 - lightflow - INFO - Checkpoint saved: C:\Users\shiva\AppData\Local\Temp\tmpwjurv_48\test_workflow_20250730_152614.json
2025-07-30 15:26:14,033 - lightflow - INFO - Checkpoint saved: C:\Users\shiva\AppData\Local\Temp\tmpwjurv_48\test_workflow_20250730_152614.json
2025-07-30 15:26:14,286 - lightflow - INFO - Loaded checkpoint for workflow: test_workflow
2025-07-30 15:26:14,286 - lightflow - INFO - Loaded checkpoint for workflow: test_workflow
2025-07-30 15:26:14,286 - lightflow - INFO - Loaded checkpoint for workflow: test_workflow
2025-07-30 15:26:14,286 - lightflow - INFO - Loaded checkpoint for workflow: test_workflow
2025-07-30 15:26:14,286 - lightflow - INFO - Loaded checkpoint for workflow: test_workflow
2025-07-30 15:26:14,286 - lightflow - INFO - Loaded checkpoint for workflow: test_workflow
2025-07-30 15:26:14,286 - lightflow - INFO - Loaded checkpoint for workflow: test_workflow
2025-07-30 15:26:14,428 - lightflow - INFO - Loaded checkpoint for workflow: test_workflow
2025-07-30 15:26:14,428 - lightflow - INFO - Loaded checkpoint for workflow: test_workflow
2025-07-30 15:26:14,428 - lightflow - INFO - Loaded checkpoint for workflow: test_workflow
2025-07-30 15:26:14,428 - lightflow - INFO - Loaded checkpoint for workflow: test_workflow
2025-07-30 15:26:14,428 - lightflow - INFO - Loaded checkpoint for workflow: test_workflow
2025-07-30 15:26:14,428 - lightflow - INFO - Loaded checkpoint for workflow: test_workflow
2025-07-30 15:26:14,428 - lightflow - INFO - Loaded checkpoint for workflow: test_workflow
2025-07-30 15:26:14,516 - lightflow - INFO - Checkpoint saved: C:\Users\shiva\AppData\Local\Temp\tmpkt1iahge\test_workflow_20250730_152614.json
2025-07-30 15:26:14,516 - lightflow - INFO - Checkpoint saved: C:\Users\shiva\AppData\Local\Temp\tmpkt1iahge\test_workflow_20250730_152614.json
2025-07-30 15:26:14,516 - lightflow - INFO - Checkpoint saved: C:\Users\shiva\AppData\Local\Temp\tmpkt1iahge\test_workflow_20250730_152614.json
2025-07-30 15:26:14,516 - lightflow - INFO - Checkpoint saved: C:\Users\shiva\AppData\Local\Temp\tmpkt1iahge\test_workflow_20250730_152614.json
2025-07-30 15:26:14,516 - lightflow - INFO - Checkpoint saved: C:\Users\shiva\AppData\Local\Temp\tmpkt1iahge\test_workflow_20250730_152614.json
2025-07-30 15:26:14,516 - lightflow - INFO - Checkpoint saved: C:\Users\shiva\AppData\Local\Temp\tmpkt1iahge\test_workflow_20250730_152614.json
2025-07-30 15:26:14,516 - lightflow - INFO - Checkpoint saved: C:\Users\shiva\AppData\Local\Temp\tmpkt1iahge\test_workflow_20250730_152614.json
2025-07-30 15:26:14,573 - lightflow - INFO - Loaded checkpoint for workflow: test_workflow
2025-07-30 15:26:14,573 - lightflow - INFO - Loaded checkpoint for workflow: test_workflow
2025-07-30 15:26:14,573 - lightflow - INFO - Loaded checkpoint for workflow: test_workflow
2025-07-30 15:26:14,573 - lightflow - INFO - Loaded checkpoint for workflow: test_workflow
2025-07-30 15:26:14,573 - lightflow - INFO - Loaded checkpoint for workflow: test_workflow
2025-07-30 15:26:14,573 - lightflow - INFO - Loaded checkpoint for workflow: test_workflow
2025-07-30 15:26:14,573 - lightflow - INFO - Loaded checkpoint for workflow: test_workflow
2025-07-30 15:26:14,651 - lightflow - INFO - Checkpoint saved: C:\Users\shiva\AppData\Local\Temp\tmpyiwc_ctu\test_workflow_20250730_152614.json
2025-07-30 15:26:14,651 - lightflow - INFO - Checkpoint saved: C:\Users\shiva\AppData\Local\Temp\tmpyiwc_ctu\test_workflow_20250730_152614.json
2025-07-30 15:26:14,651 - lightflow - INFO - Checkpoint saved: C:\Users\shiva\AppData\Local\Temp\tmpyiwc_ctu\test_workflow_20250730_152614.json
2025-07-30 15:26:14,651 - lightflow - INFO - Checkpoint saved: C:\Users\shiva\AppData\Local\Temp\tmpyiwc_ctu\test_workflow_20250730_152614.json
2025-07-30 15:26:14,651 - lightflow - INFO - Checkpoint saved: C:\Users\shiva\AppData\Local\Temp\tmpyiwc_ctu\test_workflow_20250730_152614.json
2025-07-30 15:26:14,651 - lightflow - INFO - Checkpoint saved: C:\Users\shiva\AppData\Local\Temp\tmpyiwc_ctu\test_workflow_20250730_152614.json
2025-07-30 15:26:14,651 - lightflow - INFO - Checkpoint saved: C:\Users\shiva\AppData\Local\Temp\tmpyiwc_ctu\test_workflow_20250730_152614.json
2025-07-30 15:26:14,788 - lightflow - INFO - Loaded checkpoint for workflow: test_workflow
2025-07-30 15:26:14,788 - lightflow - INFO - Loaded checkpoint for workflow: test_workflow
2025-07-30 15:26:14,788 - lightflow - INFO - Loaded checkpoint for workflow: test_workflow
2025-07-30 15:26:14,788 - lightflow - INFO - Loaded checkpoint for workflow: test_workflow
2025-07-30 15:26:14,788 - lightflow - INFO - Loaded checkpoint for workflow: test_workflow
2025-07-30 15:26:14,788 - lightflow - INFO - Loaded checkpoint for workflow: test_workflow
2025-07-30 15:26:14,788 - lightflow - INFO - Loaded checkpoint for workflow: test_workflow
2025-07-30 15:26:14,875 - lightflow - INFO - Loaded checkpoint for workflow: test_workflow
2025-07-30 15:26:14,875 - lightflow - INFO - Loaded checkpoint for workflow: test_workflow
2025-07-30 15:26:14,875 - lightflow - INFO - Loaded checkpoint for workflow: test_workflow
2025-07-30 15:26:14,875 - lightflow - INFO - Loaded checkpoint for workflow: test_workflow
2025-07-30 15:26:14,875 - lightflow - INFO - Loaded checkpoint for workflow: test_workflow
2025-07-30 15:26:14,875 - lightflow - INFO - Loaded checkpoint for workflow: test_workflow
2025-07-30 15:26:14,875 - lightflow - INFO - Loaded checkpoint for workflow: test_workflow
2025-07-30 15:26:15,066 - lightflow - INFO - Checkpoint saved: C:\Users\shiva\AppData\Local\Temp\tmpvqamabv6\test_workflow_20250730_152615.json
2025-07-30 15:26:15,066 - lightflow - INFO - Checkpoint saved: C:\Users\shiva\AppData\Local\Temp\tmpvqamabv6\test_workflow_20250730_152615.json
2025-07-30 15:26:15,066 - lightflow - INFO - Checkpoint saved: C:\Users\shiva\AppData\Local\Temp\tmpvqamabv6\test_workflow_20250730_152615.json
2025-07-30 15:26:15,066 - lightflow - INFO - Checkpoint saved: C:\Users\shiva\AppData\Local\Temp\tmpvqamabv6\test_workflow_20250730_152615.json
2025-07-30 15:26:15,066 - lightflow - INFO - Checkpoint saved: C:\Users\shiva\AppData\Local\Temp\tmpvqamabv6\test_workflow_20250730_152615.json
2025-07-30 15:26:15,066 - lightflow - INFO - Checkpoint saved: C:\Users\shiva\AppData\Local\Temp\tmpvqamabv6\test_workflow_20250730_152615.json
2025-07-30 15:26:15,066 - lightflow - INFO - Checkpoint saved: C:\Users\shiva\AppData\Local\Temp\tmpvqamabv6\test_workflow_20250730_152615.json
2025-07-30 15:26:15,185 - lightflow - INFO - Checkpoint saved: C:\Users\shiva\AppData\Local\Temp\tmpvqamabv6\test_workflow_20250730_152615.json
2025-07-30 15:26:15,185 - lightflow - INFO - Checkpoint saved: C:\Users\shiva\AppData\Local\Temp\tmpvqamabv6\test_workflow_20250730_152615.json
2025-07-30 15:26:15,185 - lightflow - INFO - Checkpoint saved: C:\Users\shiva\AppData\Local\Temp\tmpvqamabv6\test_workflow_20250730_152615.json
2025-07-30 15:26:15,185 - lightflow - INFO - Checkpoint saved: C:\Users\shiva\AppData\Local\Temp\tmpvqamabv6\test_workflow_20250730_152615.json
2025-07-30 15:26:15,185 - lightflow - INFO - Checkpoint saved: C:\Users\shiva\AppData\Local\Temp\tmpvqamabv6\test_workflow_20250730_152615.json
2025-07-30 15:26:15,185 - lightflow - INFO - Checkpoint saved: C:\Users\shiva\AppData\Local\Temp\tmpvqamabv6\test_workflow_20250730_152615.json
2025-07-30 15:26:15,185 - lightflow - INFO - Checkpoint saved: C:\Users\shiva\AppData\Local\Temp\tmpvqamabv6\test_workflow_20250730_152615.json
2025-07-30 15:26:15,272 - lightflow - INFO - Loaded specific checkpoint: C:\Users\shiva\AppData\Local\Temp\tmpvqamabv6\test_workflow_20250730_152615.json
2025-07-30 15:26:15,272 - lightflow - INFO - Loaded specific checkpoint: C:\Users\shiva\AppData\Local\Temp\tmpvqamabv6\test_workflow_20250730_152615.json
2025-07-30 15:26:15,272 - lightflow - INFO - Loaded specific checkpoint: C:\Users\shiva\AppData\Local\Temp\tmpvqamabv6\test_workflow_20250730_152615.json
2025-07-30 15:26:15,272 - lightflow - INFO - Loaded specific checkpoint: C:\Users\shiva\AppData\Local\Temp\tmpvqamabv6\test_workflow_20250730_152615.json
2025-07-30 15:26:15,272 - lightflow - INFO - Loaded specific checkpoint: C:\Users\shiva\AppData\Local\Temp\tmpvqamabv6\test_workflow_20250730_152615.json
2025-07-30 15:26:15,272 - lightflow - INFO - Loaded specific checkpoint: C:\Users\shiva\AppData\Local\Temp\tmpvqamabv6\test_workflow_20250730_152615.json
2025-07-30 15:26:15,272 - lightflow - INFO - Loaded specific checkpoint: C:\Users\shiva\AppData\Local\Temp\tmpvqamabv6\test_workflow_20250730_152615.json
2025-07-30 15:26:15,353 - lightflow - INFO - Loaded specific checkpoint: C:\Users\shiva\AppData\Local\Temp\tmpvqamabv6\test_workflow_20250730_152615.json
2025-07-30 15:26:15,353 - lightflow - INFO - Loaded specific checkpoint: C:\Users\shiva\AppData\Local\Temp\tmpvqamabv6\test_workflow_20250730_152615.json
2025-07-30 15:26:15,353 - lightflow - INFO - Loaded specific checkpoint: C:\Users\shiva\AppData\Local\Temp\tmpvqamabv6\test_workflow_20250730_152615.json
2025-07-30 15:26:15,353 - lightflow - INFO - Loaded specific checkpoint: C:\Users\shiva\AppData\Local\Temp\tmpvqamabv6\test_workflow_20250730_152615.json
2025-07-30 15:26:15,353 - lightflow - INFO - Loaded specific checkpoint: C:\Users\shiva\AppData\Local\Temp\tmpvqamabv6\test_workflow_20250730_152615.json
2025-07-30 15:26:15,353 - lightflow - INFO - Loaded specific checkpoint: C:\Users\shiva\AppData\Local\Temp\tmpvqamabv6\test_workflow_20250730_152615.json
2025-07-30 15:26:15,353 - lightflow - INFO - Loaded specific checkpoint: C:\Users\shiva\AppData\Local\Temp\tmpvqamabv6\test_workflow_20250730_152615.json
2025-07-30 15:26:15,399 - lightflow - INFO - Checkpoint saved: C:\Users\shiva\AppData\Local\Temp\tmpvqamabv6\test_workflow_20250730_152615.json
2025-07-30 15:26:15,399 - lightflow - INFO - Checkpoint saved: C:\Users\shiva\AppData\Local\Temp\tmpvqamabv6\test_workflow_20250730_152615.json
2025-07-30 15:26:15,399 - lightflow - INFO - Checkpoint saved: C:\Users\shiva\AppData\Local\Temp\tmpvqamabv6\test_workflow_20250730_152615.json
2025-07-30 15:26:15,399 - lightflow - INFO - Checkpoint saved: C:\Users\shiva\AppData\Local\Temp\tmpvqamabv6\test_workflow_20250730_152615.json
2025-07-30 15:26:15,399 - lightflow - INFO - Checkpoint saved: C:\Users\shiva\AppData\Local\Temp\tmpvqamabv6\test_workflow_20250730_152615.json
2025-07-30 15:26:15,399 - lightflow - INFO - Checkpoint saved: C:\Users\shiva\AppData\Local\Temp\tmpvqamabv6\test_workflow_20250730_152615.json
2025-07-30 15:26:15,399 - lightflow - INFO - Checkpoint saved: C:\Users\shiva\AppData\Local\Temp\tmpvqamabv6\test_workflow_20250730_152615.json
2025-07-30 15:26:15,483 - lightflow - INFO - Loaded specific checkpoint: C:\Users\shiva\AppData\Local\Temp\tmpvqamabv6\test_workflow_20250730_152615.json
2025-07-30 15:26:15,483 - lightflow - INFO - Loaded specific checkpoint: C:\Users\shiva\AppData\Local\Temp\tmpvqamabv6\test_workflow_20250730_152615.json
2025-07-30 15:26:15,483 - lightflow - INFO - Loaded specific checkpoint: C:\Users\shiva\AppData\Local\Temp\tmpvqamabv6\test_workflow_20250730_152615.json
2025-07-30 15:26:15,483 - lightflow - INFO - Loaded specific checkpoint: C:\Users\shiva\AppData\Local\Temp\tmpvqamabv6\test_workflow_20250730_152615.json
2025-07-30 15:26:15,483 - lightflow - INFO - Loaded specific checkpoint: C:\Users\shiva\AppData\Local\Temp\tmpvqamabv6\test_workflow_20250730_152615.json
2025-07-30 15:26:15,483 - lightflow - INFO - Loaded specific checkpoint: C:\Users\shiva\AppData\Local\Temp\tmpvqamabv6\test_workflow_20250730_152615.json
2025-07-30 15:26:15,483 - lightflow - INFO - Loaded specific checkpoint: C:\Users\shiva\AppData\Local\Temp\tmpvqamabv6\test_workflow_20250730_152615.json
