2025-07-30 15:26:55,106 - lightflow - INFO - Checkpoint saved: C:\Users\shiva\AppData\Local\Temp\tmpqekf0cts\test_workflow_20250730_152655_101279.json
2025-07-30 15:26:55,179 - lightflow - INFO - Loaded checkpoint for workflow: test_workflow
2025-07-30 15:26:55,371 - lightflow - INFO - Checkpoint saved: C:\Users\shiva\AppData\Local\Temp\tmp9g84wj4s\test_workflow_20250730_152655_367262.json
2025-07-30 15:26:55,371 - lightflow - INFO - Checkpoint saved: C:\Users\shiva\AppData\Local\Temp\tmp9g84wj4s\test_workflow_20250730_152655_367262.json
2025-07-30 15:26:55,452 - lightflow - INFO - Loaded checkpoint for workflow: test_workflow
2025-07-30 15:26:55,452 - lightflow - INFO - Loaded checkpoint for workflow: test_workflow
2025-07-30 15:26:55,475 - lightflow - INFO - Loaded checkpoint for workflow: test_workflow
2025-07-30 15:26:55,475 - lightflow - INFO - Loaded checkpoint for workflow: test_workflow
2025-07-30 15:26:55,513 - lightflow - INFO - Checkpoint saved: C:\Users\shiva\AppData\Local\Temp\tmp8t3dauby\test_workflow_20250730_152655_509525.json
2025-07-30 15:26:55,513 - lightflow - INFO - Checkpoint saved: C:\Users\shiva\AppData\Local\Temp\tmp8t3dauby\test_workflow_20250730_152655_509525.json
2025-07-30 15:26:55,513 - lightflow - INFO - Checkpoint saved: C:\Users\shiva\AppData\Local\Temp\tmp8t3dauby\test_workflow_20250730_152655_509525.json
2025-07-30 15:26:55,583 - lightflow - INFO - Checkpoint saved: C:\Users\shiva\AppData\Local\Temp\tmp8t3dauby\test_workflow_20250730_152655_576415.json
2025-07-30 15:26:55,583 - lightflow - INFO - Checkpoint saved: C:\Users\shiva\AppData\Local\Temp\tmp8t3dauby\test_workflow_20250730_152655_576415.json
2025-07-30 15:26:55,583 - lightflow - INFO - Checkpoint saved: C:\Users\shiva\AppData\Local\Temp\tmp8t3dauby\test_workflow_20250730_152655_576415.json
2025-07-30 15:26:55,682 - lightflow - INFO - Loaded specific checkpoint: C:\Users\shiva\AppData\Local\Temp\tmp8t3dauby\test_workflow_20250730_152655_509525.json
2025-07-30 15:26:55,682 - lightflow - INFO - Loaded specific checkpoint: C:\Users\shiva\AppData\Local\Temp\tmp8t3dauby\test_workflow_20250730_152655_509525.json
2025-07-30 15:26:55,682 - lightflow - INFO - Loaded specific checkpoint: C:\Users\shiva\AppData\Local\Temp\tmp8t3dauby\test_workflow_20250730_152655_509525.json
2025-07-30 15:26:55,760 - lightflow - INFO - Loaded specific checkpoint: C:\Users\shiva\AppData\Local\Temp\tmp8t3dauby\test_workflow_20250730_152655_576415.json
2025-07-30 15:26:55,760 - lightflow - INFO - Loaded specific checkpoint: C:\Users\shiva\AppData\Local\Temp\tmp8t3dauby\test_workflow_20250730_152655_576415.json
2025-07-30 15:26:55,760 - lightflow - INFO - Loaded specific checkpoint: C:\Users\shiva\AppData\Local\Temp\tmp8t3dauby\test_workflow_20250730_152655_576415.json
2025-07-30 15:26:55,809 - lightflow - INFO - Checkpoint saved: C:\Users\shiva\AppData\Local\Temp\tmp8t3dauby\test_workflow_20250730_152655_805149.json
2025-07-30 15:26:55,809 - lightflow - INFO - Checkpoint saved: C:\Users\shiva\AppData\Local\Temp\tmp8t3dauby\test_workflow_20250730_152655_805149.json
2025-07-30 15:26:55,809 - lightflow - INFO - Checkpoint saved: C:\Users\shiva\AppData\Local\Temp\tmp8t3dauby\test_workflow_20250730_152655_805149.json
2025-07-30 15:26:55,878 - lightflow - INFO - Loaded specific checkpoint: C:\Users\shiva\AppData\Local\Temp\tmp8t3dauby\test_workflow_20250730_152655_805149.json
2025-07-30 15:26:55,878 - lightflow - INFO - Loaded specific checkpoint: C:\Users\shiva\AppData\Local\Temp\tmp8t3dauby\test_workflow_20250730_152655_805149.json
2025-07-30 15:26:55,878 - lightflow - INFO - Loaded specific checkpoint: C:\Users\shiva\AppData\Local\Temp\tmp8t3dauby\test_workflow_20250730_152655_805149.json
